2025-03-06 23:19:04.751 +01:00 [INF] User profile is available. Using 'C:\Users\Dalma\AppData\Local\ASP.NET\DataProtection-Keys' as key repository and Windows DPAPI to encrypt keys at rest.
2025-03-06 23:19:05.743 +01:00 [INF] Executed DbCommand (46ms) [Parameters=[@__normalizedName_0='?' (Size = 256)], CommandType='"Text"', CommandTimeout='30']
SELECT TOP(1) [a].[Id], [a].[ConcurrencyStamp], [a].[Name], [a].[NormalizedName]
FROM [AspNetRoles] AS [a]
WHERE [a].[NormalizedName] = @__normalizedName_0
2025-03-06 23:19:05.820 +01:00 [INF] Executed DbCommand (3ms) [Parameters=[@__normalizedName_0='?' (Size = 256)], CommandType='"Text"', CommandTimeout='30']
SELECT TOP(1) [a].[Id], [a].[ConcurrencyStamp], [a].[Name], [a].[NormalizedName]
FROM [AspNetRoles] AS [a]
WHERE [a].[NormalizedName] = @__normalizedName_0
2025-03-06 23:19:05.839 +01:00 [INF] Executed DbCommand (3ms) [Parameters=[@__normalizedUserName_0='?' (Size = 256)], CommandType='"Text"', CommandTimeout='30']
SELECT TOP(1) [a].[Id], [a].[AccessFailedCount], [a].[ConcurrencyStamp], [a].[Email], [a].[EmailConfirmed], [a].[FullName], [a].[LockoutEnabled], [a].[LockoutEnd], [a].[LogOutTimestamp], [a].[LoginTimestamp], [a].[NormalizedEmail], [a].[NormalizedUserName], [a].[PasswordHash], [a].[PhoneNumber], [a].[PhoneNumberConfirmed], [a].[SecurityStamp], [a].[TwoFactorEnabled], [a].[UserName]
FROM [AspNetUsers] AS [a]
WHERE [a].[NormalizedUserName] = @__normalizedUserName_0
2025-03-06 23:19:05.951 +01:00 [INF] Executed DbCommand (1ms) [Parameters=[@__normalizedUserName_0='?' (Size = 256)], CommandType='"Text"', CommandTimeout='30']
SELECT TOP(1) [a].[Id], [a].[AccessFailedCount], [a].[ConcurrencyStamp], [a].[Email], [a].[EmailConfirmed], [a].[FullName], [a].[LockoutEnabled], [a].[LockoutEnd], [a].[LogOutTimestamp], [a].[LoginTimestamp], [a].[NormalizedEmail], [a].[NormalizedUserName], [a].[PasswordHash], [a].[PhoneNumber], [a].[PhoneNumberConfirmed], [a].[SecurityStamp], [a].[TwoFactorEnabled], [a].[UserName]
FROM [AspNetUsers] AS [a]
WHERE [a].[NormalizedUserName] = @__normalizedUserName_0
2025-03-06 23:19:06.375 +01:00 [INF] Now listening on: https://localhost:7005
2025-03-06 23:19:06.377 +01:00 [INF] Now listening on: http://localhost:5192
2025-03-06 23:19:06.428 +01:00 [INF] Application started. Press Ctrl+C to shut down.
2025-03-06 23:19:06.429 +01:00 [INF] Hosting environment: Development
2025-03-06 23:19:06.430 +01:00 [INF] Content root path: C:\Users\Dalma\Desktop\TechnicalTask-ProductManagement\TechnicalTask-ProductManagement\PM-API
2025-03-06 23:19:07.046 +01:00 [INF] Request starting HTTP/2 GET https://localhost:7005/swagger/index.html - null null
2025-03-06 23:19:07.263 +01:00 [INF] Request finished HTTP/2 GET https://localhost:7005/swagger/index.html - 200 null text/html;charset=utf-8 224.0258ms
2025-03-06 23:19:07.271 +01:00 [INF] Request starting HTTP/2 GET https://localhost:7005/_framework/aspnetcore-browser-refresh.js - null null
2025-03-06 23:19:07.317 +01:00 [INF] Request finished HTTP/2 GET https://localhost:7005/_framework/aspnetcore-browser-refresh.js - 200 16497 application/javascript; charset=utf-8 45.5699ms
2025-03-06 23:19:07.377 +01:00 [INF] Request starting HTTP/2 GET https://localhost:7005/_vs/browserLink - null null
2025-03-06 23:19:07.453 +01:00 [INF] Request finished HTTP/2 GET https://localhost:7005/_vs/browserLink - 200 null text/javascript; charset=UTF-8 76.7866ms
2025-03-06 23:19:08.229 +01:00 [INF] Request starting HTTP/2 GET https://localhost:7005/swagger/v1/swagger.json - null null
2025-03-06 23:19:08.305 +01:00 [INF] Request finished HTTP/2 GET https://localhost:7005/swagger/v1/swagger.json - 200 null application/json;charset=utf-8 75.6966ms
2025-03-06 23:21:09.842 +01:00 [INF] Request starting HTTP/2 OPTIONS https://localhost:7005/api/auth/login - null null
2025-03-06 23:21:09.848 +01:00 [INF] CORS policy execution successful.
2025-03-06 23:21:09.850 +01:00 [INF] Request finished HTTP/2 OPTIONS https://localhost:7005/api/auth/login - 204 null null 8.0212ms
2025-03-06 23:21:09.852 +01:00 [INF] Request starting HTTP/2 POST https://localhost:7005/api/auth/login - application/json 45
2025-03-06 23:21:09.856 +01:00 [INF] CORS policy execution successful.
2025-03-06 23:21:09.897 +01:00 [INF] Received request: POST /api/auth/login
2025-03-06 23:21:09.901 +01:00 [INF] Executing endpoint 'PM_API.Controllers.AuthController.Login (PM-API)'
2025-03-06 23:21:09.919 +01:00 [INF] Route matched with {action = "Login", controller = "Auth"}. Executing controller action with signature System.Threading.Tasks.Task`1[Microsoft.AspNetCore.Mvc.IActionResult] Login(PM_Application.DTOs.User.LoginUserDTO) on controller PM_API.Controllers.AuthController (PM-API).
2025-03-06 23:21:10.106 +01:00 [INF] Executed DbCommand (1ms) [Parameters=[@__normalizedUserName_0='?' (Size = 256)], CommandType='"Text"', CommandTimeout='30']
SELECT TOP(1) [a].[Id], [a].[AccessFailedCount], [a].[ConcurrencyStamp], [a].[Email], [a].[EmailConfirmed], [a].[FullName], [a].[LockoutEnabled], [a].[LockoutEnd], [a].[LogOutTimestamp], [a].[LoginTimestamp], [a].[NormalizedEmail], [a].[NormalizedUserName], [a].[PasswordHash], [a].[PhoneNumber], [a].[PhoneNumberConfirmed], [a].[SecurityStamp], [a].[TwoFactorEnabled], [a].[UserName]
FROM [AspNetUsers] AS [a]
WHERE [a].[NormalizedUserName] = @__normalizedUserName_0
2025-03-06 23:21:10.114 +01:00 [INF] Executing OkObjectResult, writing value of type 'PM_Application.DTOs.User.AuthResponseDTO'.
2025-03-06 23:21:10.122 +01:00 [INF] Executed action PM_API.Controllers.AuthController.Login (PM-API) in 195.6773ms
2025-03-06 23:21:10.124 +01:00 [INF] Executed endpoint 'PM_API.Controllers.AuthController.Login (PM-API)'
2025-03-06 23:21:10.127 +01:00 [INF] Request finished HTTP/2 POST https://localhost:7005/api/auth/login - 200 null application/json; charset=utf-8 275.0369ms
2025-03-06 23:21:33.481 +01:00 [INF] Request starting HTTP/2 OPTIONS https://localhost:7005/api/auth/login - null null
2025-03-06 23:21:33.485 +01:00 [INF] CORS policy execution successful.
2025-03-06 23:21:33.486 +01:00 [INF] Request finished HTTP/2 OPTIONS https://localhost:7005/api/auth/login - 204 null null 5.5557ms
2025-03-06 23:21:33.489 +01:00 [INF] Request starting HTTP/2 POST https://localhost:7005/api/auth/login - application/json 45
2025-03-06 23:21:33.492 +01:00 [INF] CORS policy execution successful.
2025-03-06 23:21:33.496 +01:00 [INF] Received request: POST /api/auth/login
2025-03-06 23:21:33.497 +01:00 [INF] Executing endpoint 'PM_API.Controllers.AuthController.Login (PM-API)'
2025-03-06 23:21:33.498 +01:00 [INF] Route matched with {action = "Login", controller = "Auth"}. Executing controller action with signature System.Threading.Tasks.Task`1[Microsoft.AspNetCore.Mvc.IActionResult] Login(PM_Application.DTOs.User.LoginUserDTO) on controller PM_API.Controllers.AuthController (PM-API).
2025-03-06 23:21:33.527 +01:00 [INF] Executed DbCommand (1ms) [Parameters=[@__normalizedUserName_0='?' (Size = 256)], CommandType='"Text"', CommandTimeout='30']
SELECT TOP(1) [a].[Id], [a].[AccessFailedCount], [a].[ConcurrencyStamp], [a].[Email], [a].[EmailConfirmed], [a].[FullName], [a].[LockoutEnabled], [a].[LockoutEnd], [a].[LogOutTimestamp], [a].[LoginTimestamp], [a].[NormalizedEmail], [a].[NormalizedUserName], [a].[PasswordHash], [a].[PhoneNumber], [a].[PhoneNumberConfirmed], [a].[SecurityStamp], [a].[TwoFactorEnabled], [a].[UserName]
FROM [AspNetUsers] AS [a]
WHERE [a].[NormalizedUserName] = @__normalizedUserName_0
2025-03-06 23:21:33.530 +01:00 [INF] Executing OkObjectResult, writing value of type 'PM_Application.DTOs.User.AuthResponseDTO'.
2025-03-06 23:21:33.532 +01:00 [INF] Executed action PM_API.Controllers.AuthController.Login (PM-API) in 31.5804ms
2025-03-06 23:21:33.533 +01:00 [INF] Executed endpoint 'PM_API.Controllers.AuthController.Login (PM-API)'
2025-03-06 23:21:33.537 +01:00 [INF] Request finished HTTP/2 POST https://localhost:7005/api/auth/login - 200 null application/json; charset=utf-8 47.7682ms
2025-03-06 23:21:38.262 +01:00 [INF] Request starting HTTP/2 GET https://localhost:7005/api/auth/login - null null
2025-03-06 23:21:38.285 +01:00 [INF] Received request: GET /api/auth/login
2025-03-06 23:21:38.286 +01:00 [INF] Executing endpoint '405 HTTP Method Not Supported'
2025-03-06 23:21:38.287 +01:00 [INF] Executed endpoint '405 HTTP Method Not Supported'
2025-03-06 23:21:38.288 +01:00 [INF] Request finished HTTP/2 GET https://localhost:7005/api/auth/login - 405 0 null 25.8627ms
