2025-03-02 00:00:02.073 +01:00 [INF] Request starting HTTP/2 GET https://localhost:44360/swagger/index.html - null null
2025-03-02 00:00:02.166 +01:00 [INF] Request finished HTTP/2 GET https://localhost:44360/swagger/index.html - 200 null text/html;charset=utf-8 93.676ms
2025-03-02 00:00:02.221 +01:00 [INF] Request starting HTTP/2 GET https://localhost:44360/_vs/browserLink - null null
2025-03-02 00:00:02.238 +01:00 [INF] Request starting HTTP/2 GET https://localhost:44360/_framework/aspnetcore-browser-refresh.js - null null
2025-03-02 00:00:02.240 +01:00 [INF] Request finished HTTP/2 GET https://localhost:44360/_framework/aspnetcore-browser-refresh.js - 200 16497 application/javascript; charset=utf-8 1.8994ms
2025-03-02 00:00:02.257 +01:00 [INF] Request finished HTTP/2 GET https://localhost:44360/_vs/browserLink - 200 null text/javascript; charset=UTF-8 35.5841ms
2025-03-02 00:00:03.776 +01:00 [INF] Request starting HTTP/2 GET https://localhost:44360/swagger/v1/swagger.json - null null
2025-03-02 00:00:03.794 +01:00 [INF] Request finished HTTP/2 GET https://localhost:44360/swagger/v1/swagger.json - 200 null application/json;charset=utf-8 17.6439ms
2025-03-02 00:00:16.427 +01:00 [INF] Request starting HTTP/2 POST https://localhost:44360/api/Auth/login?username=sabah&password=Sabah%40123 - null 0
2025-03-02 00:00:16.430 +01:00 [INF] CORS policy execution successful.
2025-03-02 00:00:24.936 +01:00 [INF] Received request: POST /api/Auth/login
2025-03-02 00:00:26.040 +01:00 [INF] Request finished HTTP/2 POST https://localhost:44360/api/Auth/login?username=sabah&password=Sabah%40123 - 404 null null 9613.4795ms
2025-03-02 00:00:26.041 +01:00 [INF] Request reached the end of the middleware pipeline without being handled by application code. Request path: POST https://localhost:44360/api/Auth/login, Response status code: 404
2025-03-02 00:01:10.536 +01:00 [INF] User profile is available. Using 'C:\Users\Dalma\AppData\Local\ASP.NET\DataProtection-Keys' as key repository and Windows DPAPI to encrypt keys at rest.
2025-03-02 00:01:11.731 +01:00 [INF] Executed DbCommand (41ms) [Parameters=[@__normalizedName_0='?' (Size = 256)], CommandType='"Text"', CommandTimeout='30']
SELECT TOP(1) [a].[Id], [a].[ConcurrencyStamp], [a].[Name], [a].[NormalizedName]
FROM [AspNetRoles] AS [a]
WHERE [a].[NormalizedName] = @__normalizedName_0
2025-03-02 00:01:11.794 +01:00 [INF] Executed DbCommand (6ms) [Parameters=[@__normalizedName_0='?' (Size = 256)], CommandType='"Text"', CommandTimeout='30']
SELECT TOP(1) [a].[Id], [a].[ConcurrencyStamp], [a].[Name], [a].[NormalizedName]
FROM [AspNetRoles] AS [a]
WHERE [a].[NormalizedName] = @__normalizedName_0
2025-03-02 00:01:11.806 +01:00 [INF] Executed DbCommand (2ms) [Parameters=[@__normalizedUserName_0='?' (Size = 256)], CommandType='"Text"', CommandTimeout='30']
SELECT TOP(1) [a].[Id], [a].[AccessFailedCount], [a].[ConcurrencyStamp], [a].[Email], [a].[EmailConfirmed], [a].[FullName], [a].[LockoutEnabled], [a].[LockoutEnd], [a].[LogOutTimestamp], [a].[LoginTimestamp], [a].[NormalizedEmail], [a].[NormalizedUserName], [a].[PasswordHash], [a].[PhoneNumber], [a].[PhoneNumberConfirmed], [a].[SecurityStamp], [a].[TwoFactorEnabled], [a].[UserName]
FROM [AspNetUsers] AS [a]
WHERE [a].[NormalizedUserName] = @__normalizedUserName_0
2025-03-02 00:01:11.847 +01:00 [INF] Executed DbCommand (1ms) [Parameters=[@__normalizedUserName_0='?' (Size = 256)], CommandType='"Text"', CommandTimeout='30']
SELECT TOP(1) [a].[Id], [a].[AccessFailedCount], [a].[ConcurrencyStamp], [a].[Email], [a].[EmailConfirmed], [a].[FullName], [a].[LockoutEnabled], [a].[LockoutEnd], [a].[LogOutTimestamp], [a].[LoginTimestamp], [a].[NormalizedEmail], [a].[NormalizedUserName], [a].[PasswordHash], [a].[PhoneNumber], [a].[PhoneNumberConfirmed], [a].[SecurityStamp], [a].[TwoFactorEnabled], [a].[UserName]
FROM [AspNetUsers] AS [a]
WHERE [a].[NormalizedUserName] = @__normalizedUserName_0
2025-03-02 00:01:11.997 +01:00 [INF] Request starting HTTP/2 GET https://localhost:44360/swagger/index.html - null null
2025-03-02 00:01:12.120 +01:00 [INF] Application started. Press Ctrl+C to shut down.
2025-03-02 00:01:12.120 +01:00 [INF] Hosting environment: Development
2025-03-02 00:01:12.121 +01:00 [INF] Content root path: C:\Users\Dalma\Desktop\TechnicalTask-ProductManagement\TechnicalTask-ProductManagement\PM-API
2025-03-02 00:01:12.195 +01:00 [INF] Request finished HTTP/2 GET https://localhost:44360/swagger/index.html - 200 null text/html;charset=utf-8 203.1489ms
2025-03-02 00:01:12.228 +01:00 [INF] Request starting HTTP/2 GET https://localhost:44360/_framework/aspnetcore-browser-refresh.js - null null
2025-03-02 00:01:12.234 +01:00 [INF] Request finished HTTP/2 GET https://localhost:44360/_framework/aspnetcore-browser-refresh.js - 200 16497 application/javascript; charset=utf-8 6.2463ms
2025-03-02 00:01:12.309 +01:00 [INF] Request starting HTTP/2 GET https://localhost:44360/_vs/browserLink - null null
2025-03-02 00:01:12.348 +01:00 [INF] Request finished HTTP/2 GET https://localhost:44360/_vs/browserLink - 200 null text/javascript; charset=UTF-8 39.0236ms
2025-03-02 00:01:13.196 +01:00 [INF] Request starting HTTP/2 GET https://localhost:44360/swagger/v1/swagger.json - null null
2025-03-02 00:01:13.214 +01:00 [INF] Request finished HTTP/2 GET https://localhost:44360/swagger/v1/swagger.json - 200 null application/json;charset=utf-8 18.6076ms
2025-03-02 00:01:32.002 +01:00 [INF] Request starting HTTP/2 POST https://localhost:44360/api/Auth/login?username=sabah&password=Sabah%40123 - null 0
2025-03-02 00:01:32.019 +01:00 [INF] CORS policy execution successful.
2025-03-02 00:01:37.561 +01:00 [INF] Received request: POST /api/Auth/login
2025-03-02 00:01:37.566 +01:00 [INF] Request finished HTTP/2 POST https://localhost:44360/api/Auth/login?username=sabah&password=Sabah%40123 - 404 null null 5563.9791ms
2025-03-02 00:01:37.567 +01:00 [INF] Request reached the end of the middleware pipeline without being handled by application code. Request path: POST https://localhost:44360/api/Auth/login, Response status code: 404
2025-03-02 00:02:36.559 +01:00 [INF] User profile is available. Using 'C:\Users\Dalma\AppData\Local\ASP.NET\DataProtection-Keys' as key repository and Windows DPAPI to encrypt keys at rest.
2025-03-02 00:02:38.274 +01:00 [INF] Executed DbCommand (57ms) [Parameters=[@__normalizedName_0='?' (Size = 256)], CommandType='"Text"', CommandTimeout='30']
SELECT TOP(1) [a].[Id], [a].[ConcurrencyStamp], [a].[Name], [a].[NormalizedName]
FROM [AspNetRoles] AS [a]
WHERE [a].[NormalizedName] = @__normalizedName_0
2025-03-02 00:02:38.369 +01:00 [INF] Executed DbCommand (7ms) [Parameters=[@__normalizedName_0='?' (Size = 256)], CommandType='"Text"', CommandTimeout='30']
SELECT TOP(1) [a].[Id], [a].[ConcurrencyStamp], [a].[Name], [a].[NormalizedName]
FROM [AspNetRoles] AS [a]
WHERE [a].[NormalizedName] = @__normalizedName_0
2025-03-02 00:02:38.386 +01:00 [INF] Executed DbCommand (2ms) [Parameters=[@__normalizedUserName_0='?' (Size = 256)], CommandType='"Text"', CommandTimeout='30']
SELECT TOP(1) [a].[Id], [a].[AccessFailedCount], [a].[ConcurrencyStamp], [a].[Email], [a].[EmailConfirmed], [a].[FullName], [a].[LockoutEnabled], [a].[LockoutEnd], [a].[LogOutTimestamp], [a].[LoginTimestamp], [a].[NormalizedEmail], [a].[NormalizedUserName], [a].[PasswordHash], [a].[PhoneNumber], [a].[PhoneNumberConfirmed], [a].[SecurityStamp], [a].[TwoFactorEnabled], [a].[UserName]
FROM [AspNetUsers] AS [a]
WHERE [a].[NormalizedUserName] = @__normalizedUserName_0
2025-03-02 00:02:38.445 +01:00 [INF] Executed DbCommand (1ms) [Parameters=[@__normalizedUserName_0='?' (Size = 256)], CommandType='"Text"', CommandTimeout='30']
SELECT TOP(1) [a].[Id], [a].[AccessFailedCount], [a].[ConcurrencyStamp], [a].[Email], [a].[EmailConfirmed], [a].[FullName], [a].[LockoutEnabled], [a].[LockoutEnd], [a].[LogOutTimestamp], [a].[LoginTimestamp], [a].[NormalizedEmail], [a].[NormalizedUserName], [a].[PasswordHash], [a].[PhoneNumber], [a].[PhoneNumberConfirmed], [a].[SecurityStamp], [a].[TwoFactorEnabled], [a].[UserName]
FROM [AspNetUsers] AS [a]
WHERE [a].[NormalizedUserName] = @__normalizedUserName_0
2025-03-02 00:02:40.809 +01:00 [INF] Request starting HTTP/2 GET https://localhost:44360/swagger/index.html - null null
2025-03-02 00:02:40.865 +01:00 [INF] Application started. Press Ctrl+C to shut down.
2025-03-02 00:02:40.866 +01:00 [INF] Hosting environment: Development
2025-03-02 00:02:40.866 +01:00 [INF] Content root path: C:\Users\Dalma\Desktop\TechnicalTask-ProductManagement\TechnicalTask-ProductManagement\PM-API
2025-03-02 00:02:41.013 +01:00 [INF] Request finished HTTP/2 GET https://localhost:44360/swagger/index.html - 200 null text/html;charset=utf-8 205.2932ms
2025-03-02 00:02:41.033 +01:00 [INF] Request starting HTTP/2 GET https://localhost:44360/_framework/aspnetcore-browser-refresh.js - null null
2025-03-02 00:02:41.045 +01:00 [INF] Request finished HTTP/2 GET https://localhost:44360/_framework/aspnetcore-browser-refresh.js - 200 16497 application/javascript; charset=utf-8 12.987ms
2025-03-02 00:02:41.114 +01:00 [INF] Request starting HTTP/2 GET https://localhost:44360/_vs/browserLink - null null
2025-03-02 00:02:41.246 +01:00 [INF] Request finished HTTP/2 GET https://localhost:44360/_vs/browserLink - 200 null text/javascript; charset=UTF-8 131.8057ms
2025-03-02 00:02:42.090 +01:00 [INF] Request starting HTTP/2 GET https://localhost:44360/swagger/v1/swagger.json - null null
2025-03-02 00:02:42.111 +01:00 [INF] Request finished HTTP/2 GET https://localhost:44360/swagger/v1/swagger.json - 200 null application/json;charset=utf-8 20.5505ms
2025-03-02 00:03:01.429 +01:00 [INF] Request starting HTTP/2 POST https://localhost:44360/api/Auth/login?username=sabah&password=Sabah%40123 - null 0
2025-03-02 00:03:01.505 +01:00 [INF] CORS policy execution successful.
2025-03-02 00:03:04.300 +01:00 [INF] Received request: POST /api/Auth/login
2025-03-02 00:03:04.315 +01:00 [INF] Executing endpoint 'PM_API.Controllers.AuthController.Login (PM-API)'
2025-03-02 00:03:04.349 +01:00 [INF] Route matched with {action = "Login", controller = "Auth"}. Executing controller action with signature System.Threading.Tasks.Task`1[Microsoft.AspNetCore.Mvc.IActionResult] Login(System.String, System.String) on controller PM_API.Controllers.AuthController (PM-API).
2025-03-02 00:03:04.715 +01:00 [INF] Executed DbCommand (3ms) [Parameters=[@__normalizedUserName_0='?' (Size = 256)], CommandType='"Text"', CommandTimeout='30']
SELECT TOP(1) [a].[Id], [a].[AccessFailedCount], [a].[ConcurrencyStamp], [a].[Email], [a].[EmailConfirmed], [a].[FullName], [a].[LockoutEnabled], [a].[LockoutEnd], [a].[LogOutTimestamp], [a].[LoginTimestamp], [a].[NormalizedEmail], [a].[NormalizedUserName], [a].[PasswordHash], [a].[PhoneNumber], [a].[PhoneNumberConfirmed], [a].[SecurityStamp], [a].[TwoFactorEnabled], [a].[UserName]
FROM [AspNetUsers] AS [a]
WHERE [a].[NormalizedUserName] = @__normalizedUserName_0
2025-03-02 00:03:05.472 +01:00 [INF] Executed DbCommand (1ms) [Parameters=[@__normalizedUserName_0='?' (Size = 256)], CommandType='"Text"', CommandTimeout='30']
SELECT TOP(1) [a].[Id], [a].[AccessFailedCount], [a].[ConcurrencyStamp], [a].[Email], [a].[EmailConfirmed], [a].[FullName], [a].[LockoutEnabled], [a].[LockoutEnd], [a].[LogOutTimestamp], [a].[LoginTimestamp], [a].[NormalizedEmail], [a].[NormalizedUserName], [a].[PasswordHash], [a].[PhoneNumber], [a].[PhoneNumberConfirmed], [a].[SecurityStamp], [a].[TwoFactorEnabled], [a].[UserName]
FROM [AspNetUsers] AS [a]
WHERE [a].[NormalizedUserName] = @__normalizedUserName_0
2025-03-02 00:03:05.621 +01:00 [INF] Executed DbCommand (13ms) [Parameters=[@p17='?' (Size = 450), @p0='?' (DbType = Int32), @p1='?' (Size = 4000), @p18='?' (Size = 4000), @p2='?' (Size = 256), @p3='?' (DbType = Boolean), @p4='?' (Size = 4000), @p5='?' (DbType = Boolean), @p6='?' (DbType = DateTimeOffset), @p7='?' (DbType = DateTime2), @p8='?' (DbType = DateTime2), @p9='?' (Size = 256), @p10='?' (Size = 256), @p11='?' (Size = 4000), @p12='?' (Size = 4000), @p13='?' (DbType = Boolean), @p14='?' (Size = 4000), @p15='?' (DbType = Boolean), @p16='?' (Size = 256)], CommandType='"Text"', CommandTimeout='30']
SET IMPLICIT_TRANSACTIONS OFF;
SET NOCOUNT ON;
UPDATE [AspNetUsers] SET [AccessFailedCount] = @p0, [ConcurrencyStamp] = @p1, [Email] = @p2, [EmailConfirmed] = @p3, [FullName] = @p4, [LockoutEnabled] = @p5, [LockoutEnd] = @p6, [LogOutTimestamp] = @p7, [LoginTimestamp] = @p8, [NormalizedEmail] = @p9, [NormalizedUserName] = @p10, [PasswordHash] = @p11, [PhoneNumber] = @p12, [PhoneNumberConfirmed] = @p13, [SecurityStamp] = @p14, [TwoFactorEnabled] = @p15, [UserName] = @p16
OUTPUT 1
WHERE [Id] = @p17 AND [ConcurrencyStamp] = @p18;
2025-03-02 00:03:05.640 +01:00 [INF] Executed DbCommand (2ms) [Parameters=[@__normalizedUserName_0='?' (Size = 256)], CommandType='"Text"', CommandTimeout='30']
SELECT TOP(1) [a].[Id], [a].[AccessFailedCount], [a].[ConcurrencyStamp], [a].[Email], [a].[EmailConfirmed], [a].[FullName], [a].[LockoutEnabled], [a].[LockoutEnd], [a].[LogOutTimestamp], [a].[LoginTimestamp], [a].[NormalizedEmail], [a].[NormalizedUserName], [a].[PasswordHash], [a].[PhoneNumber], [a].[PhoneNumberConfirmed], [a].[SecurityStamp], [a].[TwoFactorEnabled], [a].[UserName]
FROM [AspNetUsers] AS [a]
WHERE [a].[NormalizedUserName] = @__normalizedUserName_0
2025-03-02 00:03:05.696 +01:00 [INF] Executed DbCommand (1ms) [Parameters=[@__userId_0='?' (Size = 450)], CommandType='"Text"', CommandTimeout='30']
SELECT [a0].[Name]
FROM [AspNetUserRoles] AS [a]
INNER JOIN [AspNetRoles] AS [a0] ON [a].[RoleId] = [a0].[Id]
WHERE [a].[UserId] = @__userId_0
2025-03-02 00:03:07.436 +01:00 [INF] Executing OkObjectResult, writing value of type 'PM_Application.DTOs.User.AuthResponseDTO'.
2025-03-02 00:03:07.451 +01:00 [INF] Executed action PM_API.Controllers.AuthController.Login (PM-API) in 3096.5241ms
2025-03-02 00:03:07.452 +01:00 [INF] Executed endpoint 'PM_API.Controllers.AuthController.Login (PM-API)'
2025-03-02 00:03:07.459 +01:00 [INF] Request finished HTTP/2 POST https://localhost:44360/api/Auth/login?username=sabah&password=Sabah%40123 - 200 null application/json; charset=utf-8 6030.2845ms
2025-03-02 07:17:54.597 +01:00 [INF] User profile is available. Using 'C:\Users\Dalma\AppData\Local\ASP.NET\DataProtection-Keys' as key repository and Windows DPAPI to encrypt keys at rest.
2025-03-02 07:17:55.960 +01:00 [INF] Executed DbCommand (81ms) [Parameters=[@__normalizedName_0='?' (Size = 256)], CommandType='"Text"', CommandTimeout='30']
SELECT TOP(1) [a].[Id], [a].[ConcurrencyStamp], [a].[Name], [a].[NormalizedName]
FROM [AspNetRoles] AS [a]
WHERE [a].[NormalizedName] = @__normalizedName_0
2025-03-02 07:17:56.034 +01:00 [INF] Executed DbCommand (2ms) [Parameters=[@__normalizedName_0='?' (Size = 256)], CommandType='"Text"', CommandTimeout='30']
SELECT TOP(1) [a].[Id], [a].[ConcurrencyStamp], [a].[Name], [a].[NormalizedName]
FROM [AspNetRoles] AS [a]
WHERE [a].[NormalizedName] = @__normalizedName_0
2025-03-02 07:17:56.068 +01:00 [INF] Executed DbCommand (21ms) [Parameters=[@__normalizedUserName_0='?' (Size = 256)], CommandType='"Text"', CommandTimeout='30']
SELECT TOP(1) [a].[Id], [a].[AccessFailedCount], [a].[ConcurrencyStamp], [a].[Email], [a].[EmailConfirmed], [a].[FullName], [a].[LockoutEnabled], [a].[LockoutEnd], [a].[LogOutTimestamp], [a].[LoginTimestamp], [a].[NormalizedEmail], [a].[NormalizedUserName], [a].[PasswordHash], [a].[PhoneNumber], [a].[PhoneNumberConfirmed], [a].[SecurityStamp], [a].[TwoFactorEnabled], [a].[UserName]
FROM [AspNetUsers] AS [a]
WHERE [a].[NormalizedUserName] = @__normalizedUserName_0
2025-03-02 07:17:56.112 +01:00 [INF] Executed DbCommand (1ms) [Parameters=[@__normalizedUserName_0='?' (Size = 256)], CommandType='"Text"', CommandTimeout='30']
SELECT TOP(1) [a].[Id], [a].[AccessFailedCount], [a].[ConcurrencyStamp], [a].[Email], [a].[EmailConfirmed], [a].[FullName], [a].[LockoutEnabled], [a].[LockoutEnd], [a].[LogOutTimestamp], [a].[LoginTimestamp], [a].[NormalizedEmail], [a].[NormalizedUserName], [a].[PasswordHash], [a].[PhoneNumber], [a].[PhoneNumberConfirmed], [a].[SecurityStamp], [a].[TwoFactorEnabled], [a].[UserName]
FROM [AspNetUsers] AS [a]
WHERE [a].[NormalizedUserName] = @__normalizedUserName_0
2025-03-02 07:17:56.368 +01:00 [INF] Request starting HTTP/2 GET https://localhost:44360/swagger - null null
2025-03-02 07:17:56.427 +01:00 [INF] Application started. Press Ctrl+C to shut down.
2025-03-02 07:17:56.427 +01:00 [INF] Hosting environment: Development
2025-03-02 07:17:56.427 +01:00 [INF] Content root path: C:\Users\Dalma\Desktop\TechnicalTask-ProductManagement\TechnicalTask-ProductManagement\PM-API
2025-03-02 07:17:57.130 +01:00 [INF] Request starting HTTP/2 GET https://localhost:44360/swagger/index.html - null null
2025-03-02 07:17:57.133 +01:00 [INF] Request finished HTTP/2 GET https://localhost:44360/swagger - 301 null null 771.7338ms
2025-03-02 07:17:57.221 +01:00 [INF] Request finished HTTP/2 GET https://localhost:44360/swagger/index.html - 200 null text/html;charset=utf-8 91.6321ms
2025-03-02 07:17:57.285 +01:00 [INF] Request starting HTTP/2 GET https://localhost:44360/_framework/aspnetcore-browser-refresh.js - null null
2025-03-02 07:17:57.292 +01:00 [INF] Request finished HTTP/2 GET https://localhost:44360/_framework/aspnetcore-browser-refresh.js - 200 16497 application/javascript; charset=utf-8 5.0478ms
2025-03-02 07:17:57.362 +01:00 [INF] Request starting HTTP/2 GET https://localhost:44360/swagger/swagger-ui.css - null null
2025-03-02 07:17:57.361 +01:00 [INF] Request starting HTTP/2 GET https://localhost:44360/swagger/swagger-ui-bundle.js - null null
2025-03-02 07:17:57.413 +01:00 [INF] Request starting HTTP/2 GET https://localhost:44360/_vs/browserLink - null null
2025-03-02 07:17:57.414 +01:00 [INF] Request starting HTTP/2 GET https://localhost:44360/swagger/swagger-ui-standalone-preset.js - null null
2025-03-02 07:17:57.442 +01:00 [INF] Sending file. Request path: '/swagger-ui-standalone-preset.js'. Physical path: 'N/A'
2025-03-02 07:17:57.448 +01:00 [INF] Sending file. Request path: '/swagger-ui.css'. Physical path: 'N/A'
2025-03-02 07:17:57.462 +01:00 [INF] Request finished HTTP/2 GET https://localhost:44360/swagger/swagger-ui-standalone-preset.js - 200 230280 text/javascript 47.6124ms
2025-03-02 07:17:57.462 +01:00 [INF] Request finished HTTP/2 GET https://localhost:44360/swagger/swagger-ui.css - 200 152034 text/css 100.01ms
2025-03-02 07:17:57.500 +01:00 [INF] Sending file. Request path: '/swagger-ui-bundle.js'. Physical path: 'N/A'
2025-03-02 07:17:57.560 +01:00 [INF] Request finished HTTP/2 GET https://localhost:44360/swagger/swagger-ui-bundle.js - 200 1456926 text/javascript 198.6359ms
2025-03-02 07:17:57.570 +01:00 [INF] Request finished HTTP/2 GET https://localhost:44360/_vs/browserLink - 200 null text/javascript; charset=UTF-8 156.3744ms
2025-03-02 07:17:58.717 +01:00 [INF] Request starting HTTP/2 GET https://localhost:44360/swagger/v1/swagger.json - null null
2025-03-02 07:17:58.747 +01:00 [ERR] An unhandled exception has occurred while executing the request.
Swashbuckle.AspNetCore.SwaggerGen.SwaggerGeneratorException: Conflicting method/path combination "GET api/Product" for actions - PM_API.Controllers.ProductController.GetAll (PM-API),PM_API.Controllers.ProductController.GetPagedProducts (PM-API). Actions require a unique method/path combination for Swagger/OpenAPI 3.0. Use ConflictingActionsResolver as a workaround
   at Swashbuckle.AspNetCore.SwaggerGen.SwaggerGenerator.GenerateOperations(IEnumerable`1 apiDescriptions, SchemaRepository schemaRepository)
   at Swashbuckle.AspNetCore.SwaggerGen.SwaggerGenerator.GeneratePaths(IEnumerable`1 apiDescriptions, SchemaRepository schemaRepository)
   at Swashbuckle.AspNetCore.SwaggerGen.SwaggerGenerator.GetSwaggerDocumentWithoutFilters(String documentName, String host, String basePath)
   at Swashbuckle.AspNetCore.SwaggerGen.SwaggerGenerator.GetSwaggerAsync(String documentName, String host, String basePath)
   at Swashbuckle.AspNetCore.Swagger.SwaggerMiddleware.Invoke(HttpContext httpContext, ISwaggerProvider swaggerProvider)
   at Microsoft.AspNetCore.Diagnostics.DeveloperExceptionPageMiddlewareImpl.Invoke(HttpContext context)
2025-03-02 07:17:58.779 +01:00 [INF] Request finished HTTP/2 GET https://localhost:44360/swagger/v1/swagger.json - 500 null text/plain; charset=utf-8 61.5327ms
2025-03-02 07:17:58.781 +01:00 [INF] Request starting HTTP/2 GET https://localhost:44360/swagger/favicon-32x32.png - null null
2025-03-02 07:17:58.791 +01:00 [INF] Sending file. Request path: '/favicon-32x32.png'. Physical path: 'N/A'
2025-03-02 07:17:58.793 +01:00 [INF] Request finished HTTP/2 GET https://localhost:44360/swagger/favicon-32x32.png - 200 628 image/png 11.4371ms
2025-03-02 07:18:29.480 +01:00 [INF] User profile is available. Using 'C:\Users\Dalma\AppData\Local\ASP.NET\DataProtection-Keys' as key repository and Windows DPAPI to encrypt keys at rest.
2025-03-02 07:18:30.763 +01:00 [INF] Executed DbCommand (39ms) [Parameters=[@__normalizedName_0='?' (Size = 256)], CommandType='"Text"', CommandTimeout='30']
SELECT TOP(1) [a].[Id], [a].[ConcurrencyStamp], [a].[Name], [a].[NormalizedName]
FROM [AspNetRoles] AS [a]
WHERE [a].[NormalizedName] = @__normalizedName_0
2025-03-02 07:18:30.839 +01:00 [INF] Executed DbCommand (6ms) [Parameters=[@__normalizedName_0='?' (Size = 256)], CommandType='"Text"', CommandTimeout='30']
SELECT TOP(1) [a].[Id], [a].[ConcurrencyStamp], [a].[Name], [a].[NormalizedName]
FROM [AspNetRoles] AS [a]
WHERE [a].[NormalizedName] = @__normalizedName_0
2025-03-02 07:18:30.852 +01:00 [INF] Executed DbCommand (3ms) [Parameters=[@__normalizedUserName_0='?' (Size = 256)], CommandType='"Text"', CommandTimeout='30']
SELECT TOP(1) [a].[Id], [a].[AccessFailedCount], [a].[ConcurrencyStamp], [a].[Email], [a].[EmailConfirmed], [a].[FullName], [a].[LockoutEnabled], [a].[LockoutEnd], [a].[LogOutTimestamp], [a].[LoginTimestamp], [a].[NormalizedEmail], [a].[NormalizedUserName], [a].[PasswordHash], [a].[PhoneNumber], [a].[PhoneNumberConfirmed], [a].[SecurityStamp], [a].[TwoFactorEnabled], [a].[UserName]
FROM [AspNetUsers] AS [a]
WHERE [a].[NormalizedUserName] = @__normalizedUserName_0
2025-03-02 07:18:30.898 +01:00 [INF] Executed DbCommand (1ms) [Parameters=[@__normalizedUserName_0='?' (Size = 256)], CommandType='"Text"', CommandTimeout='30']
SELECT TOP(1) [a].[Id], [a].[AccessFailedCount], [a].[ConcurrencyStamp], [a].[Email], [a].[EmailConfirmed], [a].[FullName], [a].[LockoutEnabled], [a].[LockoutEnd], [a].[LogOutTimestamp], [a].[LoginTimestamp], [a].[NormalizedEmail], [a].[NormalizedUserName], [a].[PasswordHash], [a].[PhoneNumber], [a].[PhoneNumberConfirmed], [a].[SecurityStamp], [a].[TwoFactorEnabled], [a].[UserName]
FROM [AspNetUsers] AS [a]
WHERE [a].[NormalizedUserName] = @__normalizedUserName_0
2025-03-02 07:18:31.035 +01:00 [INF] Request starting HTTP/2 GET https://localhost:44360/swagger/index.html - null null
2025-03-02 07:18:31.094 +01:00 [INF] Application started. Press Ctrl+C to shut down.
2025-03-02 07:18:31.095 +01:00 [INF] Hosting environment: Development
2025-03-02 07:18:31.095 +01:00 [INF] Content root path: C:\Users\Dalma\Desktop\TechnicalTask-ProductManagement\TechnicalTask-ProductManagement\PM-API
2025-03-02 07:18:31.246 +01:00 [INF] Request finished HTTP/2 GET https://localhost:44360/swagger/index.html - 200 null text/html;charset=utf-8 216.6145ms
2025-03-02 07:18:31.348 +01:00 [INF] Request starting HTTP/2 GET https://localhost:44360/_framework/aspnetcore-browser-refresh.js - null null
2025-03-02 07:18:31.354 +01:00 [INF] Request finished HTTP/2 GET https://localhost:44360/_framework/aspnetcore-browser-refresh.js - 200 16497 application/javascript; charset=utf-8 6.4449ms
2025-03-02 07:18:31.406 +01:00 [INF] Request starting HTTP/2 GET https://localhost:44360/_vs/browserLink - null null
2025-03-02 07:18:31.511 +01:00 [INF] Request finished HTTP/2 GET https://localhost:44360/_vs/browserLink - 200 null text/javascript; charset=UTF-8 104.403ms
2025-03-02 07:18:32.460 +01:00 [INF] Request starting HTTP/2 GET https://localhost:44360/swagger/v1/swagger.json - null null
2025-03-02 07:18:32.568 +01:00 [INF] Request finished HTTP/2 GET https://localhost:44360/swagger/v1/swagger.json - 200 null application/json;charset=utf-8 108.1364ms
2025-03-02 07:18:49.418 +01:00 [INF] Request starting HTTP/2 GET https://localhost:44360/api/Product/paged - null null
2025-03-02 07:18:52.491 +01:00 [INF] Request finished HTTP/2 GET https://localhost:44360/api/Product/paged - 401 null application/json 3072.7977ms
2025-03-02 07:30:28.431 +01:00 [INF] Request starting HTTP/2 GET https://localhost:44360/api/Product/paged?pageNumber=1&pageSize=12 - null null
2025-03-02 07:30:30.094 +01:00 [INF] Request finished HTTP/2 GET https://localhost:44360/api/Product/paged?pageNumber=1&pageSize=12 - 401 null application/json 1664.6631ms
2025-03-02 07:31:28.686 +01:00 [INF] User profile is available. Using 'C:\Users\Dalma\AppData\Local\ASP.NET\DataProtection-Keys' as key repository and Windows DPAPI to encrypt keys at rest.
2025-03-02 07:31:30.078 +01:00 [INF] Executed DbCommand (44ms) [Parameters=[@__normalizedName_0='?' (Size = 256)], CommandType='"Text"', CommandTimeout='30']
SELECT TOP(1) [a].[Id], [a].[ConcurrencyStamp], [a].[Name], [a].[NormalizedName]
FROM [AspNetRoles] AS [a]
WHERE [a].[NormalizedName] = @__normalizedName_0
2025-03-02 07:31:30.163 +01:00 [INF] Executed DbCommand (7ms) [Parameters=[@__normalizedName_0='?' (Size = 256)], CommandType='"Text"', CommandTimeout='30']
SELECT TOP(1) [a].[Id], [a].[ConcurrencyStamp], [a].[Name], [a].[NormalizedName]
FROM [AspNetRoles] AS [a]
WHERE [a].[NormalizedName] = @__normalizedName_0
2025-03-02 07:31:30.178 +01:00 [INF] Executed DbCommand (3ms) [Parameters=[@__normalizedUserName_0='?' (Size = 256)], CommandType='"Text"', CommandTimeout='30']
SELECT TOP(1) [a].[Id], [a].[AccessFailedCount], [a].[ConcurrencyStamp], [a].[Email], [a].[EmailConfirmed], [a].[FullName], [a].[LockoutEnabled], [a].[LockoutEnd], [a].[LogOutTimestamp], [a].[LoginTimestamp], [a].[NormalizedEmail], [a].[NormalizedUserName], [a].[PasswordHash], [a].[PhoneNumber], [a].[PhoneNumberConfirmed], [a].[SecurityStamp], [a].[TwoFactorEnabled], [a].[UserName]
FROM [AspNetUsers] AS [a]
WHERE [a].[NormalizedUserName] = @__normalizedUserName_0
2025-03-02 07:31:30.236 +01:00 [INF] Executed DbCommand (3ms) [Parameters=[@__normalizedUserName_0='?' (Size = 256)], CommandType='"Text"', CommandTimeout='30']
SELECT TOP(1) [a].[Id], [a].[AccessFailedCount], [a].[ConcurrencyStamp], [a].[Email], [a].[EmailConfirmed], [a].[FullName], [a].[LockoutEnabled], [a].[LockoutEnd], [a].[LogOutTimestamp], [a].[LoginTimestamp], [a].[NormalizedEmail], [a].[NormalizedUserName], [a].[PasswordHash], [a].[PhoneNumber], [a].[PhoneNumberConfirmed], [a].[SecurityStamp], [a].[TwoFactorEnabled], [a].[UserName]
FROM [AspNetUsers] AS [a]
WHERE [a].[NormalizedUserName] = @__normalizedUserName_0
2025-03-02 07:31:30.375 +01:00 [INF] Request starting HTTP/2 GET https://localhost:44360/swagger/index.html - null null
2025-03-02 07:31:30.439 +01:00 [INF] Application started. Press Ctrl+C to shut down.
2025-03-02 07:31:30.440 +01:00 [INF] Hosting environment: Development
2025-03-02 07:31:30.440 +01:00 [INF] Content root path: C:\Users\Dalma\Desktop\TechnicalTask-ProductManagement\TechnicalTask-ProductManagement\PM-API
2025-03-02 07:31:30.660 +01:00 [INF] Request finished HTTP/2 GET https://localhost:44360/swagger/index.html - 200 null text/html;charset=utf-8 262.2212ms
2025-03-02 07:31:30.700 +01:00 [INF] Request starting HTTP/2 GET https://localhost:44360/_framework/aspnetcore-browser-refresh.js - null null
2025-03-02 07:31:30.712 +01:00 [INF] Request finished HTTP/2 GET https://localhost:44360/_framework/aspnetcore-browser-refresh.js - 200 16497 application/javascript; charset=utf-8 8.3542ms
2025-03-02 07:31:30.776 +01:00 [INF] Request starting HTTP/2 GET https://localhost:44360/_vs/browserLink - null null
2025-03-02 07:31:30.931 +01:00 [INF] Request finished HTTP/2 GET https://localhost:44360/_vs/browserLink - 200 null text/javascript; charset=UTF-8 154.3684ms
2025-03-02 07:31:31.909 +01:00 [INF] Request starting HTTP/2 GET https://localhost:44360/swagger/v1/swagger.json - null null
2025-03-02 07:31:31.946 +01:00 [INF] Request finished HTTP/2 GET https://localhost:44360/swagger/v1/swagger.json - 200 null application/json;charset=utf-8 36.1783ms
2025-03-02 07:31:40.569 +01:00 [INF] Request starting HTTP/2 GET https://localhost:44360/api/Product/paged?pageNumber=1&pageSize=10 - null null
2025-03-02 07:31:43.783 +01:00 [INF] Received request: GET /api/Product/paged
2025-03-02 07:31:43.788 +01:00 [INF] Executing endpoint 'PM_API.Controllers.ProductController.GetPagedProducts (PM-API)'
2025-03-02 07:31:43.817 +01:00 [INF] Route matched with {action = "GetPagedProducts", controller = "Product"}. Executing controller action with signature System.Threading.Tasks.Task`1[Microsoft.AspNetCore.Mvc.ActionResult`1[PM_Application.DTOs.Product.PagedResult`1[PM_Application.DTOs.Product.ProductDTO]]] GetPagedProducts(Int32, Int32) on controller PM_API.Controllers.ProductController (PM-API).
2025-03-02 07:31:44.141 +01:00 [INF] Executed DbCommand (21ms) [Parameters=[], CommandType='"Text"', CommandTimeout='30']
SELECT [p].[Id], [p].[CategoryId], [p].[CreatedAt], [p].[CreatedBy], [p].[Name], [p].[Price], [p].[Quantity], [p].[Status], [p].[UpdatedAt], [p].[UpdatedBy], [p].[isDeleted]
FROM [Products] AS [p]
2025-03-02 07:31:44.183 +01:00 [INF] Executing OkObjectResult, writing value of type 'PM_Application.DTOs.Product.PagedResult`1[[PM_Application.DTOs.Product.ProductDTO, PM-Application, Version=1.0.0.0, Culture=neutral, PublicKeyToken=null]]'.
2025-03-02 07:31:44.204 +01:00 [INF] Executed action PM_API.Controllers.ProductController.GetPagedProducts (PM-API) in 382.8036ms
2025-03-02 07:31:44.205 +01:00 [INF] Executed endpoint 'PM_API.Controllers.ProductController.GetPagedProducts (PM-API)'
2025-03-02 07:31:44.211 +01:00 [INF] Request finished HTTP/2 GET https://localhost:44360/api/Product/paged?pageNumber=1&pageSize=10 - 200 null application/json; charset=utf-8 3641.6682ms
2025-03-02 16:43:31.476 +01:00 [INF] User profile is available. Using 'C:\Users\Dalma\AppData\Local\ASP.NET\DataProtection-Keys' as key repository and Windows DPAPI to encrypt keys at rest.
2025-03-02 16:43:32.836 +01:00 [INF] Executed DbCommand (46ms) [Parameters=[@__normalizedName_0='?' (Size = 256)], CommandType='"Text"', CommandTimeout='30']
SELECT TOP(1) [a].[Id], [a].[ConcurrencyStamp], [a].[Name], [a].[NormalizedName]
FROM [AspNetRoles] AS [a]
WHERE [a].[NormalizedName] = @__normalizedName_0
2025-03-02 16:43:32.927 +01:00 [INF] Executed DbCommand (9ms) [Parameters=[@__normalizedName_0='?' (Size = 256)], CommandType='"Text"', CommandTimeout='30']
SELECT TOP(1) [a].[Id], [a].[ConcurrencyStamp], [a].[Name], [a].[NormalizedName]
FROM [AspNetRoles] AS [a]
WHERE [a].[NormalizedName] = @__normalizedName_0
2025-03-02 16:43:32.941 +01:00 [INF] Executed DbCommand (3ms) [Parameters=[@__normalizedUserName_0='?' (Size = 256)], CommandType='"Text"', CommandTimeout='30']
SELECT TOP(1) [a].[Id], [a].[AccessFailedCount], [a].[ConcurrencyStamp], [a].[Email], [a].[EmailConfirmed], [a].[FullName], [a].[LockoutEnabled], [a].[LockoutEnd], [a].[LogOutTimestamp], [a].[LoginTimestamp], [a].[NormalizedEmail], [a].[NormalizedUserName], [a].[PasswordHash], [a].[PhoneNumber], [a].[PhoneNumberConfirmed], [a].[SecurityStamp], [a].[TwoFactorEnabled], [a].[UserName]
FROM [AspNetUsers] AS [a]
WHERE [a].[NormalizedUserName] = @__normalizedUserName_0
2025-03-02 16:43:32.988 +01:00 [INF] Executed DbCommand (1ms) [Parameters=[@__normalizedUserName_0='?' (Size = 256)], CommandType='"Text"', CommandTimeout='30']
SELECT TOP(1) [a].[Id], [a].[AccessFailedCount], [a].[ConcurrencyStamp], [a].[Email], [a].[EmailConfirmed], [a].[FullName], [a].[LockoutEnabled], [a].[LockoutEnd], [a].[LogOutTimestamp], [a].[LoginTimestamp], [a].[NormalizedEmail], [a].[NormalizedUserName], [a].[PasswordHash], [a].[PhoneNumber], [a].[PhoneNumberConfirmed], [a].[SecurityStamp], [a].[TwoFactorEnabled], [a].[UserName]
FROM [AspNetUsers] AS [a]
WHERE [a].[NormalizedUserName] = @__normalizedUserName_0
2025-03-02 16:43:33.281 +01:00 [INF] Request starting HTTP/2 GET https://localhost:44360/swagger - null null
2025-03-02 16:43:33.342 +01:00 [INF] Application started. Press Ctrl+C to shut down.
2025-03-02 16:43:33.342 +01:00 [INF] Hosting environment: Development
2025-03-02 16:43:33.342 +01:00 [INF] Content root path: C:\Users\Dalma\Desktop\TechnicalTask-ProductManagement\TechnicalTask-ProductManagement\PM-API
2025-03-02 16:43:33.446 +01:00 [INF] Request starting HTTP/2 GET https://localhost:44360/swagger/index.html - null null
2025-03-02 16:43:33.456 +01:00 [INF] Request finished HTTP/2 GET https://localhost:44360/swagger - 301 null null 183.7232ms
2025-03-02 16:43:33.536 +01:00 [INF] Request finished HTTP/2 GET https://localhost:44360/swagger/index.html - 200 null text/html;charset=utf-8 89.3641ms
2025-03-02 16:43:33.541 +01:00 [INF] Request starting HTTP/2 GET https://localhost:44360/swagger/swagger-ui.css - null null
2025-03-02 16:43:33.541 +01:00 [INF] Request starting HTTP/2 GET https://localhost:44360/swagger/swagger-ui-bundle.js - null null
2025-03-02 16:43:33.541 +01:00 [INF] Request starting HTTP/2 GET https://localhost:44360/_vs/browserLink - null null
2025-03-02 16:43:33.542 +01:00 [INF] Request starting HTTP/2 GET https://localhost:44360/_framework/aspnetcore-browser-refresh.js - null null
2025-03-02 16:43:33.547 +01:00 [INF] Request starting HTTP/2 GET https://localhost:44360/swagger/swagger-ui-standalone-preset.js - null null
2025-03-02 16:43:33.553 +01:00 [INF] Request finished HTTP/2 GET https://localhost:44360/_framework/aspnetcore-browser-refresh.js - 200 16497 application/javascript; charset=utf-8 11.0709ms
2025-03-02 16:43:33.579 +01:00 [INF] Sending file. Request path: '/swagger-ui-standalone-preset.js'. Physical path: 'N/A'
2025-03-02 16:43:33.579 +01:00 [INF] Sending file. Request path: '/swagger-ui.css'. Physical path: 'N/A'
2025-03-02 16:43:33.584 +01:00 [INF] Request finished HTTP/2 GET https://localhost:44360/swagger/swagger-ui-standalone-preset.js - 200 230280 text/javascript 36.4642ms
2025-03-02 16:43:33.581 +01:00 [INF] Request finished HTTP/2 GET https://localhost:44360/swagger/swagger-ui.css - 200 152034 text/css 40.0443ms
2025-03-02 16:43:33.593 +01:00 [INF] Sending file. Request path: '/swagger-ui-bundle.js'. Physical path: 'N/A'
2025-03-02 16:43:33.607 +01:00 [INF] Request finished HTTP/2 GET https://localhost:44360/_vs/browserLink - 200 null text/javascript; charset=UTF-8 66.2572ms
2025-03-02 16:43:33.620 +01:00 [INF] Request finished HTTP/2 GET https://localhost:44360/swagger/swagger-ui-bundle.js - 200 1456926 text/javascript 79.3535ms
2025-03-02 16:43:33.836 +01:00 [INF] Request starting HTTP/2 GET https://localhost:44360/swagger/favicon-32x32.png - null null
2025-03-02 16:43:33.798 +01:00 [INF] Request starting HTTP/2 GET https://localhost:44360/swagger/v1/swagger.json - null null
2025-03-02 16:43:33.858 +01:00 [INF] Sending file. Request path: '/favicon-32x32.png'. Physical path: 'N/A'
2025-03-02 16:43:33.859 +01:00 [INF] Request finished HTTP/2 GET https://localhost:44360/swagger/favicon-32x32.png - 200 628 image/png 22.2784ms
2025-03-02 16:43:33.881 +01:00 [INF] Request finished HTTP/2 GET https://localhost:44360/swagger/v1/swagger.json - 200 null application/json;charset=utf-8 84.1657ms
2025-03-02 16:43:42.195 +01:00 [INF] Request starting HTTP/2 GET https://localhost:44360/api/Auth - null null
2025-03-02 16:43:42.325 +01:00 [INF] Authorization failed. These requirements were not met:
DenyAnonymousAuthorizationRequirement: Requires an authenticated user.
2025-03-02 16:43:42.331 +01:00 [INF] AuthenticationScheme: Bearer was challenged.
2025-03-02 16:43:42.332 +01:00 [INF] Request finished HTTP/2 GET https://localhost:44360/api/Auth - 401 null null 137.767ms
2025-03-02 16:43:55.774 +01:00 [INF] Request starting HTTP/2 POST https://localhost:44360/api/Auth/login?username=sabah&password=Sabah%40123 - null 0
2025-03-02 16:43:55.791 +01:00 [INF] CORS policy execution successful.
2025-03-02 16:43:55.802 +01:00 [INF] Received request: POST /api/Auth/login
2025-03-02 16:43:55.805 +01:00 [INF] Executing endpoint 'PM_API.Controllers.AuthController.Login (PM-API)'
2025-03-02 16:43:55.857 +01:00 [INF] Route matched with {action = "Login", controller = "Auth"}. Executing controller action with signature System.Threading.Tasks.Task`1[Microsoft.AspNetCore.Mvc.IActionResult] Login(System.String, System.String) on controller PM_API.Controllers.AuthController (PM-API).
2025-03-02 16:43:56.288 +01:00 [INF] Executed DbCommand (2ms) [Parameters=[@__normalizedUserName_0='?' (Size = 256)], CommandType='"Text"', CommandTimeout='30']
SELECT TOP(1) [a].[Id], [a].[AccessFailedCount], [a].[ConcurrencyStamp], [a].[Email], [a].[EmailConfirmed], [a].[FullName], [a].[LockoutEnabled], [a].[LockoutEnd], [a].[LogOutTimestamp], [a].[LoginTimestamp], [a].[NormalizedEmail], [a].[NormalizedUserName], [a].[PasswordHash], [a].[PhoneNumber], [a].[PhoneNumberConfirmed], [a].[SecurityStamp], [a].[TwoFactorEnabled], [a].[UserName]
FROM [AspNetUsers] AS [a]
WHERE [a].[NormalizedUserName] = @__normalizedUserName_0
2025-03-02 16:43:57.253 +01:00 [INF] Executed DbCommand (2ms) [Parameters=[@__normalizedUserName_0='?' (Size = 256)], CommandType='"Text"', CommandTimeout='30']
SELECT TOP(1) [a].[Id], [a].[AccessFailedCount], [a].[ConcurrencyStamp], [a].[Email], [a].[EmailConfirmed], [a].[FullName], [a].[LockoutEnabled], [a].[LockoutEnd], [a].[LogOutTimestamp], [a].[LoginTimestamp], [a].[NormalizedEmail], [a].[NormalizedUserName], [a].[PasswordHash], [a].[PhoneNumber], [a].[PhoneNumberConfirmed], [a].[SecurityStamp], [a].[TwoFactorEnabled], [a].[UserName]
FROM [AspNetUsers] AS [a]
WHERE [a].[NormalizedUserName] = @__normalizedUserName_0
2025-03-02 16:43:57.493 +01:00 [INF] Executed DbCommand (34ms) [Parameters=[@p17='?' (Size = 450), @p0='?' (DbType = Int32), @p1='?' (Size = 4000), @p18='?' (Size = 4000), @p2='?' (Size = 256), @p3='?' (DbType = Boolean), @p4='?' (Size = 4000), @p5='?' (DbType = Boolean), @p6='?' (DbType = DateTimeOffset), @p7='?' (DbType = DateTime2), @p8='?' (DbType = DateTime2), @p9='?' (Size = 256), @p10='?' (Size = 256), @p11='?' (Size = 4000), @p12='?' (Size = 4000), @p13='?' (DbType = Boolean), @p14='?' (Size = 4000), @p15='?' (DbType = Boolean), @p16='?' (Size = 256)], CommandType='"Text"', CommandTimeout='30']
SET IMPLICIT_TRANSACTIONS OFF;
SET NOCOUNT ON;
UPDATE [AspNetUsers] SET [AccessFailedCount] = @p0, [ConcurrencyStamp] = @p1, [Email] = @p2, [EmailConfirmed] = @p3, [FullName] = @p4, [LockoutEnabled] = @p5, [LockoutEnd] = @p6, [LogOutTimestamp] = @p7, [LoginTimestamp] = @p8, [NormalizedEmail] = @p9, [NormalizedUserName] = @p10, [PasswordHash] = @p11, [PhoneNumber] = @p12, [PhoneNumberConfirmed] = @p13, [SecurityStamp] = @p14, [TwoFactorEnabled] = @p15, [UserName] = @p16
OUTPUT 1
WHERE [Id] = @p17 AND [ConcurrencyStamp] = @p18;
2025-03-02 16:43:57.515 +01:00 [INF] Executed DbCommand (2ms) [Parameters=[@__normalizedUserName_0='?' (Size = 256)], CommandType='"Text"', CommandTimeout='30']
SELECT TOP(1) [a].[Id], [a].[AccessFailedCount], [a].[ConcurrencyStamp], [a].[Email], [a].[EmailConfirmed], [a].[FullName], [a].[LockoutEnabled], [a].[LockoutEnd], [a].[LogOutTimestamp], [a].[LoginTimestamp], [a].[NormalizedEmail], [a].[NormalizedUserName], [a].[PasswordHash], [a].[PhoneNumber], [a].[PhoneNumberConfirmed], [a].[SecurityStamp], [a].[TwoFactorEnabled], [a].[UserName]
FROM [AspNetUsers] AS [a]
WHERE [a].[NormalizedUserName] = @__normalizedUserName_0
2025-03-02 16:43:57.597 +01:00 [INF] Executed DbCommand (6ms) [Parameters=[@__userId_0='?' (Size = 450)], CommandType='"Text"', CommandTimeout='30']
SELECT [a0].[Name]
FROM [AspNetUserRoles] AS [a]
INNER JOIN [AspNetRoles] AS [a0] ON [a].[RoleId] = [a0].[Id]
WHERE [a].[UserId] = @__userId_0
2025-03-02 16:44:00.527 +01:00 [INF] Executing OkObjectResult, writing value of type 'PM_Application.DTOs.User.AuthResponseDTO'.
2025-03-02 16:44:00.552 +01:00 [INF] Executed action PM_API.Controllers.AuthController.Login (PM-API) in 4681.2813ms
2025-03-02 16:44:00.554 +01:00 [INF] Executed endpoint 'PM_API.Controllers.AuthController.Login (PM-API)'
2025-03-02 16:44:00.568 +01:00 [INF] Request finished HTTP/2 POST https://localhost:44360/api/Auth/login?username=sabah&password=Sabah%40123 - 200 null application/json; charset=utf-8 4793.7506ms
2025-03-02 16:44:18.696 +01:00 [INF] Request starting HTTP/2 GET https://localhost:44360/api/Auth - null null
2025-03-02 16:44:18.700 +01:00 [INF] Authorization failed. These requirements were not met:
DenyAnonymousAuthorizationRequirement: Requires an authenticated user.
2025-03-02 16:44:18.701 +01:00 [INF] AuthenticationScheme: Bearer was challenged.
2025-03-02 16:44:18.707 +01:00 [INF] Request finished HTTP/2 GET https://localhost:44360/api/Auth - 401 null null 11.5456ms
2025-03-02 16:44:24.795 +01:00 [INF] Request starting HTTP/2 GET https://localhost:44360/api/Auth - null null
2025-03-02 16:44:24.797 +01:00 [INF] Authorization failed. These requirements were not met:
DenyAnonymousAuthorizationRequirement: Requires an authenticated user.
2025-03-02 16:44:24.798 +01:00 [INF] AuthenticationScheme: Bearer was challenged.
2025-03-02 16:44:24.800 +01:00 [INF] Request finished HTTP/2 GET https://localhost:44360/api/Auth - 401 null null 5.8024ms
2025-03-02 16:44:25.536 +01:00 [INF] Request starting HTTP/2 GET https://localhost:44360/api/Auth - null null
2025-03-02 16:44:25.536 +01:00 [INF] Authorization failed. These requirements were not met:
DenyAnonymousAuthorizationRequirement: Requires an authenticated user.
2025-03-02 16:44:25.537 +01:00 [INF] AuthenticationScheme: Bearer was challenged.
2025-03-02 16:44:25.539 +01:00 [INF] Request finished HTTP/2 GET https://localhost:44360/api/Auth - 401 null null 3.0564ms
2025-03-02 16:46:53.017 +01:00 [INF] User profile is available. Using 'C:\Users\Dalma\AppData\Local\ASP.NET\DataProtection-Keys' as key repository and Windows DPAPI to encrypt keys at rest.
2025-03-02 16:46:54.897 +01:00 [INF] Executed DbCommand (44ms) [Parameters=[@__normalizedName_0='?' (Size = 256)], CommandType='"Text"', CommandTimeout='30']
SELECT TOP(1) [a].[Id], [a].[ConcurrencyStamp], [a].[Name], [a].[NormalizedName]
FROM [AspNetRoles] AS [a]
WHERE [a].[NormalizedName] = @__normalizedName_0
2025-03-02 16:46:54.973 +01:00 [INF] Executed DbCommand (6ms) [Parameters=[@__normalizedName_0='?' (Size = 256)], CommandType='"Text"', CommandTimeout='30']
SELECT TOP(1) [a].[Id], [a].[ConcurrencyStamp], [a].[Name], [a].[NormalizedName]
FROM [AspNetRoles] AS [a]
WHERE [a].[NormalizedName] = @__normalizedName_0
2025-03-02 16:46:54.989 +01:00 [INF] Executed DbCommand (1ms) [Parameters=[@__normalizedUserName_0='?' (Size = 256)], CommandType='"Text"', CommandTimeout='30']
SELECT TOP(1) [a].[Id], [a].[AccessFailedCount], [a].[ConcurrencyStamp], [a].[Email], [a].[EmailConfirmed], [a].[FullName], [a].[LockoutEnabled], [a].[LockoutEnd], [a].[LogOutTimestamp], [a].[LoginTimestamp], [a].[NormalizedEmail], [a].[NormalizedUserName], [a].[PasswordHash], [a].[PhoneNumber], [a].[PhoneNumberConfirmed], [a].[SecurityStamp], [a].[TwoFactorEnabled], [a].[UserName]
FROM [AspNetUsers] AS [a]
WHERE [a].[NormalizedUserName] = @__normalizedUserName_0
2025-03-02 16:46:55.038 +01:00 [INF] Executed DbCommand (1ms) [Parameters=[@__normalizedUserName_0='?' (Size = 256)], CommandType='"Text"', CommandTimeout='30']
SELECT TOP(1) [a].[Id], [a].[AccessFailedCount], [a].[ConcurrencyStamp], [a].[Email], [a].[EmailConfirmed], [a].[FullName], [a].[LockoutEnabled], [a].[LockoutEnd], [a].[LogOutTimestamp], [a].[LoginTimestamp], [a].[NormalizedEmail], [a].[NormalizedUserName], [a].[PasswordHash], [a].[PhoneNumber], [a].[PhoneNumberConfirmed], [a].[SecurityStamp], [a].[TwoFactorEnabled], [a].[UserName]
FROM [AspNetUsers] AS [a]
WHERE [a].[NormalizedUserName] = @__normalizedUserName_0
2025-03-02 16:46:55.298 +01:00 [INF] Now listening on: https://localhost:7005
2025-03-02 16:46:55.299 +01:00 [INF] Now listening on: http://localhost:5192
2025-03-02 16:46:55.367 +01:00 [INF] Application started. Press Ctrl+C to shut down.
2025-03-02 16:46:55.368 +01:00 [INF] Hosting environment: Development
2025-03-02 16:46:55.371 +01:00 [INF] Content root path: C:\Users\Dalma\Desktop\TechnicalTask-ProductManagement\TechnicalTask-ProductManagement\PM-API
2025-03-02 16:46:55.822 +01:00 [INF] Request starting HTTP/2 GET https://localhost:7005/swagger - null null
2025-03-02 16:46:56.083 +01:00 [INF] Request finished HTTP/2 GET https://localhost:7005/swagger - 301 0 null 266.5538ms
2025-03-02 16:46:56.102 +01:00 [INF] Request starting HTTP/2 GET https://localhost:7005/swagger/index.html - null null
2025-03-02 16:46:56.237 +01:00 [INF] Request finished HTTP/2 GET https://localhost:7005/swagger/index.html - 200 null text/html;charset=utf-8 134.8381ms
2025-03-02 16:46:56.238 +01:00 [INF] Request starting HTTP/2 GET https://localhost:7005/swagger/swagger-ui-standalone-preset.js - null null
2025-03-02 16:46:56.238 +01:00 [INF] Request starting HTTP/2 GET https://localhost:7005/swagger/swagger-ui-bundle.js - null null
2025-03-02 16:46:56.238 +01:00 [INF] Request starting HTTP/2 GET https://localhost:7005/swagger/swagger-ui.css - null null
2025-03-02 16:46:56.239 +01:00 [INF] Request starting HTTP/2 GET https://localhost:7005/_framework/aspnetcore-browser-refresh.js - null null
2025-03-02 16:46:56.239 +01:00 [INF] Request starting HTTP/2 GET https://localhost:7005/_vs/browserLink - null null
2025-03-02 16:46:56.279 +01:00 [INF] Request finished HTTP/2 GET https://localhost:7005/_framework/aspnetcore-browser-refresh.js - 200 16497 application/javascript; charset=utf-8 40.1613ms
2025-03-02 16:46:56.297 +01:00 [INF] Sending file. Request path: '/swagger-ui-standalone-preset.js'. Physical path: 'N/A'
2025-03-02 16:46:56.297 +01:00 [INF] Sending file. Request path: '/swagger-ui.css'. Physical path: 'N/A'
2025-03-02 16:46:56.302 +01:00 [INF] Request finished HTTP/2 GET https://localhost:7005/swagger/swagger-ui-standalone-preset.js - 200 230280 text/javascript 64.1091ms
2025-03-02 16:46:56.306 +01:00 [INF] Request finished HTTP/2 GET https://localhost:7005/swagger/swagger-ui.css - 200 152034 text/css 68.3387ms
2025-03-02 16:46:56.384 +01:00 [INF] Sending file. Request path: '/swagger-ui-bundle.js'. Physical path: 'N/A'
2025-03-02 16:46:56.396 +01:00 [INF] Request finished HTTP/2 GET https://localhost:7005/_vs/browserLink - 200 null text/javascript; charset=UTF-8 157.0547ms
2025-03-02 16:46:56.405 +01:00 [INF] Request finished HTTP/2 GET https://localhost:7005/swagger/swagger-ui-bundle.js - 200 1456926 text/javascript 167.0826ms
2025-03-02 16:46:56.633 +01:00 [INF] Request starting HTTP/2 GET https://localhost:7005/swagger/v1/swagger.json - null null
2025-03-02 16:46:56.673 +01:00 [INF] Request starting HTTP/2 GET https://localhost:7005/swagger/favicon-32x32.png - null null
2025-03-02 16:46:56.695 +01:00 [INF] Sending file. Request path: '/favicon-32x32.png'. Physical path: 'N/A'
2025-03-02 16:46:56.700 +01:00 [INF] Request finished HTTP/2 GET https://localhost:7005/swagger/favicon-32x32.png - 200 628 image/png 27.3424ms
2025-03-02 16:46:56.711 +01:00 [INF] Request finished HTTP/2 GET https://localhost:7005/swagger/v1/swagger.json - 200 null application/json;charset=utf-8 78.4646ms
2025-03-02 16:47:08.060 +01:00 [INF] Request starting HTTP/2 POST https://localhost:7005/api/Auth/login?username=sabah&password=Sabah%40123 - null 0
2025-03-02 16:47:08.111 +01:00 [INF] CORS policy execution failed.
2025-03-02 16:47:08.114 +01:00 [INF] Request origin https://localhost:7005 does not have permission to access the resource.
2025-03-02 16:47:08.197 +01:00 [INF] Received request: POST /api/Auth/login
2025-03-02 16:47:08.202 +01:00 [INF] Executing endpoint 'PM_API.Controllers.AuthController.Login (PM-API)'
2025-03-02 16:47:08.250 +01:00 [INF] Route matched with {action = "Login", controller = "Auth"}. Executing controller action with signature System.Threading.Tasks.Task`1[Microsoft.AspNetCore.Mvc.IActionResult] Login(System.String, System.String) on controller PM_API.Controllers.AuthController (PM-API).
2025-03-02 16:47:08.720 +01:00 [INF] Executed DbCommand (6ms) [Parameters=[@__normalizedUserName_0='?' (Size = 256)], CommandType='"Text"', CommandTimeout='30']
SELECT TOP(1) [a].[Id], [a].[AccessFailedCount], [a].[ConcurrencyStamp], [a].[Email], [a].[EmailConfirmed], [a].[FullName], [a].[LockoutEnabled], [a].[LockoutEnd], [a].[LogOutTimestamp], [a].[LoginTimestamp], [a].[NormalizedEmail], [a].[NormalizedUserName], [a].[PasswordHash], [a].[PhoneNumber], [a].[PhoneNumberConfirmed], [a].[SecurityStamp], [a].[TwoFactorEnabled], [a].[UserName]
FROM [AspNetUsers] AS [a]
WHERE [a].[NormalizedUserName] = @__normalizedUserName_0
2025-03-02 16:47:09.379 +01:00 [INF] Executed DbCommand (1ms) [Parameters=[@__normalizedUserName_0='?' (Size = 256)], CommandType='"Text"', CommandTimeout='30']
SELECT TOP(1) [a].[Id], [a].[AccessFailedCount], [a].[ConcurrencyStamp], [a].[Email], [a].[EmailConfirmed], [a].[FullName], [a].[LockoutEnabled], [a].[LockoutEnd], [a].[LogOutTimestamp], [a].[LoginTimestamp], [a].[NormalizedEmail], [a].[NormalizedUserName], [a].[PasswordHash], [a].[PhoneNumber], [a].[PhoneNumberConfirmed], [a].[SecurityStamp], [a].[TwoFactorEnabled], [a].[UserName]
FROM [AspNetUsers] AS [a]
WHERE [a].[NormalizedUserName] = @__normalizedUserName_0
2025-03-02 16:47:09.550 +01:00 [INF] Executed DbCommand (2ms) [Parameters=[@p17='?' (Size = 450), @p0='?' (DbType = Int32), @p1='?' (Size = 4000), @p18='?' (Size = 4000), @p2='?' (Size = 256), @p3='?' (DbType = Boolean), @p4='?' (Size = 4000), @p5='?' (DbType = Boolean), @p6='?' (DbType = DateTimeOffset), @p7='?' (DbType = DateTime2), @p8='?' (DbType = DateTime2), @p9='?' (Size = 256), @p10='?' (Size = 256), @p11='?' (Size = 4000), @p12='?' (Size = 4000), @p13='?' (DbType = Boolean), @p14='?' (Size = 4000), @p15='?' (DbType = Boolean), @p16='?' (Size = 256)], CommandType='"Text"', CommandTimeout='30']
SET IMPLICIT_TRANSACTIONS OFF;
SET NOCOUNT ON;
UPDATE [AspNetUsers] SET [AccessFailedCount] = @p0, [ConcurrencyStamp] = @p1, [Email] = @p2, [EmailConfirmed] = @p3, [FullName] = @p4, [LockoutEnabled] = @p5, [LockoutEnd] = @p6, [LogOutTimestamp] = @p7, [LoginTimestamp] = @p8, [NormalizedEmail] = @p9, [NormalizedUserName] = @p10, [PasswordHash] = @p11, [PhoneNumber] = @p12, [PhoneNumberConfirmed] = @p13, [SecurityStamp] = @p14, [TwoFactorEnabled] = @p15, [UserName] = @p16
OUTPUT 1
WHERE [Id] = @p17 AND [ConcurrencyStamp] = @p18;
2025-03-02 16:47:09.575 +01:00 [INF] Executed DbCommand (1ms) [Parameters=[@__normalizedUserName_0='?' (Size = 256)], CommandType='"Text"', CommandTimeout='30']
SELECT TOP(1) [a].[Id], [a].[AccessFailedCount], [a].[ConcurrencyStamp], [a].[Email], [a].[EmailConfirmed], [a].[FullName], [a].[LockoutEnabled], [a].[LockoutEnd], [a].[LogOutTimestamp], [a].[LoginTimestamp], [a].[NormalizedEmail], [a].[NormalizedUserName], [a].[PasswordHash], [a].[PhoneNumber], [a].[PhoneNumberConfirmed], [a].[SecurityStamp], [a].[TwoFactorEnabled], [a].[UserName]
FROM [AspNetUsers] AS [a]
WHERE [a].[NormalizedUserName] = @__normalizedUserName_0
2025-03-02 16:47:09.653 +01:00 [INF] Executed DbCommand (1ms) [Parameters=[@__userId_0='?' (Size = 450)], CommandType='"Text"', CommandTimeout='30']
SELECT [a0].[Name]
FROM [AspNetUserRoles] AS [a]
INNER JOIN [AspNetRoles] AS [a0] ON [a].[RoleId] = [a0].[Id]
WHERE [a].[UserId] = @__userId_0
2025-03-02 16:47:25.860 +01:00 [INF] Executing OkObjectResult, writing value of type 'PM_Application.DTOs.User.AuthResponseDTO'.
2025-03-02 16:47:25.883 +01:00 [INF] Executed action PM_API.Controllers.AuthController.Login (PM-API) in 17621.273ms
2025-03-02 16:47:25.887 +01:00 [INF] Executed endpoint 'PM_API.Controllers.AuthController.Login (PM-API)'
2025-03-02 16:47:25.895 +01:00 [INF] Request finished HTTP/2 POST https://localhost:7005/api/Auth/login?username=sabah&password=Sabah%40123 - 200 null application/json; charset=utf-8 17835.7065ms
2025-03-02 16:49:03.950 +01:00 [INF] Request starting HTTP/1.1 GET https://localhost:7005/api/Auth - null null
2025-03-02 16:49:04.062 +01:00 [INF] Received request: GET /api/Auth
2025-03-02 16:49:04.065 +01:00 [INF] Executing endpoint 'PM_API.Controllers.AuthController.GetAll (PM-API)'
2025-03-02 16:49:04.078 +01:00 [INF] Route matched with {action = "GetAll", controller = "Auth"}. Executing controller action with signature System.Threading.Tasks.Task`1[Microsoft.AspNetCore.Mvc.ActionResult`1[System.Collections.Generic.IEnumerable`1[PM_Application.DTOs.User.UserDTO]]] GetAll() on controller PM_API.Controllers.AuthController (PM-API).
2025-03-02 16:49:17.033 +01:00 [INF] Executed DbCommand (6ms) [Parameters=[], CommandType='"Text"', CommandTimeout='30']
SELECT [a].[Id], [a].[AccessFailedCount], [a].[ConcurrencyStamp], [a].[Email], [a].[EmailConfirmed], [a].[FullName], [a].[LockoutEnabled], [a].[LockoutEnd], [a].[LogOutTimestamp], [a].[LoginTimestamp], [a].[NormalizedEmail], [a].[NormalizedUserName], [a].[PasswordHash], [a].[PhoneNumber], [a].[PhoneNumberConfirmed], [a].[SecurityStamp], [a].[TwoFactorEnabled], [a].[UserName]
FROM [AspNetUsers] AS [a]
2025-03-02 16:49:17.121 +01:00 [INF] Executing OkObjectResult, writing value of type 'System.Collections.Generic.List`1[[PM_Application.DTOs.User.UserDTO, PM-Application, Version=1.0.0.0, Culture=neutral, PublicKeyToken=null]]'.
2025-03-02 16:49:17.150 +01:00 [INF] Executed action PM_API.Controllers.AuthController.GetAll (PM-API) in 13069.8958ms
2025-03-02 16:49:17.153 +01:00 [INF] Executed endpoint 'PM_API.Controllers.AuthController.GetAll (PM-API)'
2025-03-02 16:49:17.155 +01:00 [INF] Request finished HTTP/1.1 GET https://localhost:7005/api/Auth - 200 null application/json; charset=utf-8 13205.1249ms
2025-03-02 16:52:27.738 +01:00 [INF] User profile is available. Using 'C:\Users\Dalma\AppData\Local\ASP.NET\DataProtection-Keys' as key repository and Windows DPAPI to encrypt keys at rest.
2025-03-02 16:52:30.286 +01:00 [INF] Executed DbCommand (73ms) [Parameters=[@__normalizedName_0='?' (Size = 256)], CommandType='"Text"', CommandTimeout='30']
SELECT TOP(1) [a].[Id], [a].[ConcurrencyStamp], [a].[Name], [a].[NormalizedName]
FROM [AspNetRoles] AS [a]
WHERE [a].[NormalizedName] = @__normalizedName_0
2025-03-02 16:52:30.433 +01:00 [INF] Executed DbCommand (9ms) [Parameters=[@__normalizedName_0='?' (Size = 256)], CommandType='"Text"', CommandTimeout='30']
SELECT TOP(1) [a].[Id], [a].[ConcurrencyStamp], [a].[Name], [a].[NormalizedName]
FROM [AspNetRoles] AS [a]
WHERE [a].[NormalizedName] = @__normalizedName_0
2025-03-02 16:52:30.458 +01:00 [INF] Executed DbCommand (2ms) [Parameters=[@__normalizedUserName_0='?' (Size = 256)], CommandType='"Text"', CommandTimeout='30']
SELECT TOP(1) [a].[Id], [a].[AccessFailedCount], [a].[ConcurrencyStamp], [a].[Email], [a].[EmailConfirmed], [a].[FullName], [a].[LockoutEnabled], [a].[LockoutEnd], [a].[LogOutTimestamp], [a].[LoginTimestamp], [a].[NormalizedEmail], [a].[NormalizedUserName], [a].[PasswordHash], [a].[PhoneNumber], [a].[PhoneNumberConfirmed], [a].[SecurityStamp], [a].[TwoFactorEnabled], [a].[UserName]
FROM [AspNetUsers] AS [a]
WHERE [a].[NormalizedUserName] = @__normalizedUserName_0
2025-03-02 16:52:30.557 +01:00 [INF] Executed DbCommand (4ms) [Parameters=[@__normalizedUserName_0='?' (Size = 256)], CommandType='"Text"', CommandTimeout='30']
SELECT TOP(1) [a].[Id], [a].[AccessFailedCount], [a].[ConcurrencyStamp], [a].[Email], [a].[EmailConfirmed], [a].[FullName], [a].[LockoutEnabled], [a].[LockoutEnd], [a].[LogOutTimestamp], [a].[LoginTimestamp], [a].[NormalizedEmail], [a].[NormalizedUserName], [a].[PasswordHash], [a].[PhoneNumber], [a].[PhoneNumberConfirmed], [a].[SecurityStamp], [a].[TwoFactorEnabled], [a].[UserName]
FROM [AspNetUsers] AS [a]
WHERE [a].[NormalizedUserName] = @__normalizedUserName_0
2025-03-02 16:52:30.914 +01:00 [INF] Now listening on: https://localhost:7005
2025-03-02 16:52:30.917 +01:00 [INF] Now listening on: http://localhost:5192
2025-03-02 16:52:31.023 +01:00 [INF] Application started. Press Ctrl+C to shut down.
2025-03-02 16:52:31.030 +01:00 [INF] Hosting environment: Development
2025-03-02 16:52:31.034 +01:00 [INF] Content root path: C:\Users\Dalma\Desktop\TechnicalTask-ProductManagement\TechnicalTask-ProductManagement\PM-API
2025-03-02 16:52:31.673 +01:00 [INF] Request starting HTTP/2 GET https://localhost:7005/swagger/index.html - null null
2025-03-02 16:52:32.062 +01:00 [INF] Request finished HTTP/2 GET https://localhost:7005/swagger/index.html - 200 null text/html;charset=utf-8 405.8571ms
2025-03-02 16:52:32.073 +01:00 [INF] Request starting HTTP/2 GET https://localhost:7005/_framework/aspnetcore-browser-refresh.js - null null
2025-03-02 16:52:32.076 +01:00 [INF] Request starting HTTP/2 GET https://localhost:7005/_vs/browserLink - null null
2025-03-02 16:52:32.092 +01:00 [INF] Request finished HTTP/2 GET https://localhost:7005/_framework/aspnetcore-browser-refresh.js - 200 16497 application/javascript; charset=utf-8 18.962ms
2025-03-02 16:52:32.262 +01:00 [INF] Request finished HTTP/2 GET https://localhost:7005/_vs/browserLink - 200 null text/javascript; charset=UTF-8 186.6557ms
2025-03-02 16:52:32.583 +01:00 [INF] Request starting HTTP/2 GET https://localhost:7005/swagger/v1/swagger.json - null null
2025-03-02 16:52:32.668 +01:00 [INF] Request finished HTTP/2 GET https://localhost:7005/swagger/v1/swagger.json - 200 null application/json;charset=utf-8 85.5868ms
2025-03-02 16:52:44.352 +01:00 [INF] Request starting HTTP/2 POST https://localhost:7005/api/Auth/login?username=sabah&password=Sabah%40123 - null 0
2025-03-02 16:52:44.406 +01:00 [INF] CORS policy execution failed.
2025-03-02 16:52:44.408 +01:00 [INF] Request origin https://localhost:7005 does not have permission to access the resource.
2025-03-02 16:52:44.502 +01:00 [INF] Received request: POST /api/Auth/login
2025-03-02 16:52:44.512 +01:00 [INF] Executing endpoint 'PM_API.Controllers.AuthController.Login (PM-API)'
2025-03-02 16:52:44.554 +01:00 [INF] Route matched with {action = "Login", controller = "Auth"}. Executing controller action with signature System.Threading.Tasks.Task`1[Microsoft.AspNetCore.Mvc.IActionResult] Login(System.String, System.String) on controller PM_API.Controllers.AuthController (PM-API).
2025-03-02 16:52:45.060 +01:00 [INF] Executed DbCommand (2ms) [Parameters=[@__normalizedUserName_0='?' (Size = 256)], CommandType='"Text"', CommandTimeout='30']
SELECT TOP(1) [a].[Id], [a].[AccessFailedCount], [a].[ConcurrencyStamp], [a].[Email], [a].[EmailConfirmed], [a].[FullName], [a].[LockoutEnabled], [a].[LockoutEnd], [a].[LogOutTimestamp], [a].[LoginTimestamp], [a].[NormalizedEmail], [a].[NormalizedUserName], [a].[PasswordHash], [a].[PhoneNumber], [a].[PhoneNumberConfirmed], [a].[SecurityStamp], [a].[TwoFactorEnabled], [a].[UserName]
FROM [AspNetUsers] AS [a]
WHERE [a].[NormalizedUserName] = @__normalizedUserName_0
2025-03-02 16:52:45.845 +01:00 [INF] Executed DbCommand (2ms) [Parameters=[@__normalizedUserName_0='?' (Size = 256)], CommandType='"Text"', CommandTimeout='30']
SELECT TOP(1) [a].[Id], [a].[AccessFailedCount], [a].[ConcurrencyStamp], [a].[Email], [a].[EmailConfirmed], [a].[FullName], [a].[LockoutEnabled], [a].[LockoutEnd], [a].[LogOutTimestamp], [a].[LoginTimestamp], [a].[NormalizedEmail], [a].[NormalizedUserName], [a].[PasswordHash], [a].[PhoneNumber], [a].[PhoneNumberConfirmed], [a].[SecurityStamp], [a].[TwoFactorEnabled], [a].[UserName]
FROM [AspNetUsers] AS [a]
WHERE [a].[NormalizedUserName] = @__normalizedUserName_0
2025-03-02 16:52:46.051 +01:00 [INF] Executed DbCommand (14ms) [Parameters=[@p17='?' (Size = 450), @p0='?' (DbType = Int32), @p1='?' (Size = 4000), @p18='?' (Size = 4000), @p2='?' (Size = 256), @p3='?' (DbType = Boolean), @p4='?' (Size = 4000), @p5='?' (DbType = Boolean), @p6='?' (DbType = DateTimeOffset), @p7='?' (DbType = DateTime2), @p8='?' (DbType = DateTime2), @p9='?' (Size = 256), @p10='?' (Size = 256), @p11='?' (Size = 4000), @p12='?' (Size = 4000), @p13='?' (DbType = Boolean), @p14='?' (Size = 4000), @p15='?' (DbType = Boolean), @p16='?' (Size = 256)], CommandType='"Text"', CommandTimeout='30']
SET IMPLICIT_TRANSACTIONS OFF;
SET NOCOUNT ON;
UPDATE [AspNetUsers] SET [AccessFailedCount] = @p0, [ConcurrencyStamp] = @p1, [Email] = @p2, [EmailConfirmed] = @p3, [FullName] = @p4, [LockoutEnabled] = @p5, [LockoutEnd] = @p6, [LogOutTimestamp] = @p7, [LoginTimestamp] = @p8, [NormalizedEmail] = @p9, [NormalizedUserName] = @p10, [PasswordHash] = @p11, [PhoneNumber] = @p12, [PhoneNumberConfirmed] = @p13, [SecurityStamp] = @p14, [TwoFactorEnabled] = @p15, [UserName] = @p16
OUTPUT 1
WHERE [Id] = @p17 AND [ConcurrencyStamp] = @p18;
2025-03-02 16:52:46.087 +01:00 [INF] Executed DbCommand (2ms) [Parameters=[@__normalizedUserName_0='?' (Size = 256)], CommandType='"Text"', CommandTimeout='30']
SELECT TOP(1) [a].[Id], [a].[AccessFailedCount], [a].[ConcurrencyStamp], [a].[Email], [a].[EmailConfirmed], [a].[FullName], [a].[LockoutEnabled], [a].[LockoutEnd], [a].[LogOutTimestamp], [a].[LoginTimestamp], [a].[NormalizedEmail], [a].[NormalizedUserName], [a].[PasswordHash], [a].[PhoneNumber], [a].[PhoneNumberConfirmed], [a].[SecurityStamp], [a].[TwoFactorEnabled], [a].[UserName]
FROM [AspNetUsers] AS [a]
WHERE [a].[NormalizedUserName] = @__normalizedUserName_0
2025-03-02 16:52:46.168 +01:00 [INF] Executed DbCommand (1ms) [Parameters=[@__userId_0='?' (Size = 450)], CommandType='"Text"', CommandTimeout='30']
SELECT [a0].[Name]
FROM [AspNetUserRoles] AS [a]
INNER JOIN [AspNetRoles] AS [a0] ON [a].[RoleId] = [a0].[Id]
WHERE [a].[UserId] = @__userId_0
2025-03-02 16:52:48.604 +01:00 [INF] Executing OkObjectResult, writing value of type 'PM_Application.DTOs.User.AuthResponseDTO'.
2025-03-02 16:52:48.631 +01:00 [INF] Executed action PM_API.Controllers.AuthController.Login (PM-API) in 4065.891ms
2025-03-02 16:52:48.636 +01:00 [INF] Executed endpoint 'PM_API.Controllers.AuthController.Login (PM-API)'
2025-03-02 16:52:48.649 +01:00 [INF] Request finished HTTP/2 POST https://localhost:7005/api/Auth/login?username=sabah&password=Sabah%40123 - 200 null application/json; charset=utf-8 4297.4033ms
2025-03-02 16:53:17.656 +01:00 [INF] Request starting HTTP/2 GET https://localhost:7005/api/Auth - null null
2025-03-02 16:53:17.691 +01:00 [INF] Authorization failed. These requirements were not met:
DenyAnonymousAuthorizationRequirement: Requires an authenticated user.
2025-03-02 16:53:17.713 +01:00 [INF] AuthenticationScheme: Bearer was challenged.
2025-03-02 16:53:17.715 +01:00 [INF] Request finished HTTP/2 GET https://localhost:7005/api/Auth - 401 0 null 59.8588ms
2025-03-02 16:56:40.682 +01:00 [INF] User profile is available. Using 'C:\Users\Dalma\AppData\Local\ASP.NET\DataProtection-Keys' as key repository and Windows DPAPI to encrypt keys at rest.
2025-03-02 16:56:43.288 +01:00 [INF] Executed DbCommand (74ms) [Parameters=[@__normalizedName_0='?' (Size = 256)], CommandType='"Text"', CommandTimeout='30']
SELECT TOP(1) [a].[Id], [a].[ConcurrencyStamp], [a].[Name], [a].[NormalizedName]
FROM [AspNetRoles] AS [a]
WHERE [a].[NormalizedName] = @__normalizedName_0
2025-03-02 16:56:43.429 +01:00 [INF] Executed DbCommand (9ms) [Parameters=[@__normalizedName_0='?' (Size = 256)], CommandType='"Text"', CommandTimeout='30']
SELECT TOP(1) [a].[Id], [a].[ConcurrencyStamp], [a].[Name], [a].[NormalizedName]
FROM [AspNetRoles] AS [a]
WHERE [a].[NormalizedName] = @__normalizedName_0
2025-03-02 16:56:43.454 +01:00 [INF] Executed DbCommand (2ms) [Parameters=[@__normalizedUserName_0='?' (Size = 256)], CommandType='"Text"', CommandTimeout='30']
SELECT TOP(1) [a].[Id], [a].[AccessFailedCount], [a].[ConcurrencyStamp], [a].[Email], [a].[EmailConfirmed], [a].[FullName], [a].[LockoutEnabled], [a].[LockoutEnd], [a].[LogOutTimestamp], [a].[LoginTimestamp], [a].[NormalizedEmail], [a].[NormalizedUserName], [a].[PasswordHash], [a].[PhoneNumber], [a].[PhoneNumberConfirmed], [a].[SecurityStamp], [a].[TwoFactorEnabled], [a].[UserName]
FROM [AspNetUsers] AS [a]
WHERE [a].[NormalizedUserName] = @__normalizedUserName_0
2025-03-02 16:56:43.544 +01:00 [INF] Executed DbCommand (2ms) [Parameters=[@__normalizedUserName_0='?' (Size = 256)], CommandType='"Text"', CommandTimeout='30']
SELECT TOP(1) [a].[Id], [a].[AccessFailedCount], [a].[ConcurrencyStamp], [a].[Email], [a].[EmailConfirmed], [a].[FullName], [a].[LockoutEnabled], [a].[LockoutEnd], [a].[LogOutTimestamp], [a].[LoginTimestamp], [a].[NormalizedEmail], [a].[NormalizedUserName], [a].[PasswordHash], [a].[PhoneNumber], [a].[PhoneNumberConfirmed], [a].[SecurityStamp], [a].[TwoFactorEnabled], [a].[UserName]
FROM [AspNetUsers] AS [a]
WHERE [a].[NormalizedUserName] = @__normalizedUserName_0
2025-03-02 16:56:43.869 +01:00 [INF] Now listening on: https://localhost:7005
2025-03-02 16:56:43.871 +01:00 [INF] Now listening on: http://localhost:5192
2025-03-02 16:56:43.973 +01:00 [INF] Application started. Press Ctrl+C to shut down.
2025-03-02 16:56:43.975 +01:00 [INF] Hosting environment: Development
2025-03-02 16:56:43.977 +01:00 [INF] Content root path: C:\Users\Dalma\Desktop\TechnicalTask-ProductManagement\TechnicalTask-ProductManagement\PM-API
2025-03-02 16:56:44.886 +01:00 [INF] Request starting HTTP/2 GET https://localhost:7005/swagger/index.html - null null
2025-03-02 16:56:45.354 +01:00 [INF] Request finished HTTP/2 GET https://localhost:7005/swagger/index.html - 200 null text/html;charset=utf-8 489.9764ms
2025-03-02 16:56:45.431 +01:00 [INF] Request starting HTTP/2 GET https://localhost:7005/_framework/aspnetcore-browser-refresh.js - null null
2025-03-02 16:56:45.436 +01:00 [INF] Request starting HTTP/2 GET https://localhost:7005/_vs/browserLink - null null
2025-03-02 16:56:45.501 +01:00 [INF] Request finished HTTP/2 GET https://localhost:7005/_framework/aspnetcore-browser-refresh.js - 200 16497 application/javascript; charset=utf-8 70.4864ms
2025-03-02 16:56:45.620 +01:00 [INF] Request finished HTTP/2 GET https://localhost:7005/_vs/browserLink - 200 null text/javascript; charset=UTF-8 184.4726ms
2025-03-02 16:56:45.705 +01:00 [INF] Request starting HTTP/2 GET https://localhost:7005/swagger/v1/swagger.json - null null
2025-03-02 16:56:45.772 +01:00 [INF] Request finished HTTP/2 GET https://localhost:7005/swagger/v1/swagger.json - 200 null application/json;charset=utf-8 67.1153ms
2025-03-02 16:57:18.144 +01:00 [INF] Request starting HTTP/2 POST https://localhost:7005/api/Auth/login?username=sabah&password=Sabah%40123 - null 0
2025-03-02 16:57:18.244 +01:00 [INF] CORS policy execution failed.
2025-03-02 16:57:18.247 +01:00 [INF] Request origin https://localhost:7005 does not have permission to access the resource.
2025-03-02 16:57:18.346 +01:00 [INF] Received request: POST /api/Auth/login
2025-03-02 16:57:18.353 +01:00 [INF] Executing endpoint 'PM_API.Controllers.AuthController.Login (PM-API)'
2025-03-02 16:57:18.403 +01:00 [INF] Route matched with {action = "Login", controller = "Auth"}. Executing controller action with signature System.Threading.Tasks.Task`1[Microsoft.AspNetCore.Mvc.IActionResult] Login(System.String, System.String) on controller PM_API.Controllers.AuthController (PM-API).
2025-03-02 16:57:18.892 +01:00 [INF] Executed DbCommand (2ms) [Parameters=[@__normalizedUserName_0='?' (Size = 256)], CommandType='"Text"', CommandTimeout='30']
SELECT TOP(1) [a].[Id], [a].[AccessFailedCount], [a].[ConcurrencyStamp], [a].[Email], [a].[EmailConfirmed], [a].[FullName], [a].[LockoutEnabled], [a].[LockoutEnd], [a].[LogOutTimestamp], [a].[LoginTimestamp], [a].[NormalizedEmail], [a].[NormalizedUserName], [a].[PasswordHash], [a].[PhoneNumber], [a].[PhoneNumberConfirmed], [a].[SecurityStamp], [a].[TwoFactorEnabled], [a].[UserName]
FROM [AspNetUsers] AS [a]
WHERE [a].[NormalizedUserName] = @__normalizedUserName_0
2025-03-02 16:57:19.729 +01:00 [INF] Executed DbCommand (2ms) [Parameters=[@__normalizedUserName_0='?' (Size = 256)], CommandType='"Text"', CommandTimeout='30']
SELECT TOP(1) [a].[Id], [a].[AccessFailedCount], [a].[ConcurrencyStamp], [a].[Email], [a].[EmailConfirmed], [a].[FullName], [a].[LockoutEnabled], [a].[LockoutEnd], [a].[LogOutTimestamp], [a].[LoginTimestamp], [a].[NormalizedEmail], [a].[NormalizedUserName], [a].[PasswordHash], [a].[PhoneNumber], [a].[PhoneNumberConfirmed], [a].[SecurityStamp], [a].[TwoFactorEnabled], [a].[UserName]
FROM [AspNetUsers] AS [a]
WHERE [a].[NormalizedUserName] = @__normalizedUserName_0
2025-03-02 16:57:19.978 +01:00 [INF] Executed DbCommand (5ms) [Parameters=[@p17='?' (Size = 450), @p0='?' (DbType = Int32), @p1='?' (Size = 4000), @p18='?' (Size = 4000), @p2='?' (Size = 256), @p3='?' (DbType = Boolean), @p4='?' (Size = 4000), @p5='?' (DbType = Boolean), @p6='?' (DbType = DateTimeOffset), @p7='?' (DbType = DateTime2), @p8='?' (DbType = DateTime2), @p9='?' (Size = 256), @p10='?' (Size = 256), @p11='?' (Size = 4000), @p12='?' (Size = 4000), @p13='?' (DbType = Boolean), @p14='?' (Size = 4000), @p15='?' (DbType = Boolean), @p16='?' (Size = 256)], CommandType='"Text"', CommandTimeout='30']
SET IMPLICIT_TRANSACTIONS OFF;
SET NOCOUNT ON;
UPDATE [AspNetUsers] SET [AccessFailedCount] = @p0, [ConcurrencyStamp] = @p1, [Email] = @p2, [EmailConfirmed] = @p3, [FullName] = @p4, [LockoutEnabled] = @p5, [LockoutEnd] = @p6, [LogOutTimestamp] = @p7, [LoginTimestamp] = @p8, [NormalizedEmail] = @p9, [NormalizedUserName] = @p10, [PasswordHash] = @p11, [PhoneNumber] = @p12, [PhoneNumberConfirmed] = @p13, [SecurityStamp] = @p14, [TwoFactorEnabled] = @p15, [UserName] = @p16
OUTPUT 1
WHERE [Id] = @p17 AND [ConcurrencyStamp] = @p18;
2025-03-02 16:57:20.040 +01:00 [INF] Executed DbCommand (3ms) [Parameters=[@__normalizedUserName_0='?' (Size = 256)], CommandType='"Text"', CommandTimeout='30']
SELECT TOP(1) [a].[Id], [a].[AccessFailedCount], [a].[ConcurrencyStamp], [a].[Email], [a].[EmailConfirmed], [a].[FullName], [a].[LockoutEnabled], [a].[LockoutEnd], [a].[LogOutTimestamp], [a].[LoginTimestamp], [a].[NormalizedEmail], [a].[NormalizedUserName], [a].[PasswordHash], [a].[PhoneNumber], [a].[PhoneNumberConfirmed], [a].[SecurityStamp], [a].[TwoFactorEnabled], [a].[UserName]
FROM [AspNetUsers] AS [a]
WHERE [a].[NormalizedUserName] = @__normalizedUserName_0
2025-03-02 16:57:20.135 +01:00 [INF] Executed DbCommand (1ms) [Parameters=[@__userId_0='?' (Size = 450)], CommandType='"Text"', CommandTimeout='30']
SELECT [a0].[Name]
FROM [AspNetUserRoles] AS [a]
INNER JOIN [AspNetRoles] AS [a0] ON [a].[RoleId] = [a0].[Id]
WHERE [a].[UserId] = @__userId_0
2025-03-02 16:57:22.641 +01:00 [INF] Executing OkObjectResult, writing value of type 'PM_Application.DTOs.User.AuthResponseDTO'.
2025-03-02 16:57:22.672 +01:00 [INF] Executed action PM_API.Controllers.AuthController.Login (PM-API) in 4249.551ms
2025-03-02 16:57:22.675 +01:00 [INF] Executed endpoint 'PM_API.Controllers.AuthController.Login (PM-API)'
2025-03-02 16:57:22.692 +01:00 [INF] Request finished HTTP/2 POST https://localhost:7005/api/Auth/login?username=sabah&password=Sabah%40123 - 200 null application/json; charset=utf-8 4552.7989ms
2025-03-02 16:57:46.856 +01:00 [INF] Request starting HTTP/2 GET https://localhost:7005/api/Auth - null null
2025-03-02 16:57:46.909 +01:00 [INF] Authorization failed. These requirements were not met:
DenyAnonymousAuthorizationRequirement: Requires an authenticated user.
2025-03-02 16:57:46.922 +01:00 [INF] AuthenticationScheme: Bearer was challenged.
2025-03-02 16:57:46.926 +01:00 [INF] Request finished HTTP/2 GET https://localhost:7005/api/Auth - 401 0 null 70.7566ms
2025-03-02 17:13:53.221 +01:00 [INF] User profile is available. Using 'C:\Users\Dalma\AppData\Local\ASP.NET\DataProtection-Keys' as key repository and Windows DPAPI to encrypt keys at rest.
2025-03-02 17:13:54.599 +01:00 [INF] Executed DbCommand (43ms) [Parameters=[@__normalizedName_0='?' (Size = 256)], CommandType='"Text"', CommandTimeout='30']
SELECT TOP(1) [a].[Id], [a].[ConcurrencyStamp], [a].[Name], [a].[NormalizedName]
FROM [AspNetRoles] AS [a]
WHERE [a].[NormalizedName] = @__normalizedName_0
2025-03-02 17:13:54.684 +01:00 [INF] Executed DbCommand (6ms) [Parameters=[@__normalizedName_0='?' (Size = 256)], CommandType='"Text"', CommandTimeout='30']
SELECT TOP(1) [a].[Id], [a].[ConcurrencyStamp], [a].[Name], [a].[NormalizedName]
FROM [AspNetRoles] AS [a]
WHERE [a].[NormalizedName] = @__normalizedName_0
2025-03-02 17:13:54.698 +01:00 [INF] Executed DbCommand (1ms) [Parameters=[@__normalizedUserName_0='?' (Size = 256)], CommandType='"Text"', CommandTimeout='30']
SELECT TOP(1) [a].[Id], [a].[AccessFailedCount], [a].[ConcurrencyStamp], [a].[Email], [a].[EmailConfirmed], [a].[FullName], [a].[LockoutEnabled], [a].[LockoutEnd], [a].[LogOutTimestamp], [a].[LoginTimestamp], [a].[NormalizedEmail], [a].[NormalizedUserName], [a].[PasswordHash], [a].[PhoneNumber], [a].[PhoneNumberConfirmed], [a].[SecurityStamp], [a].[TwoFactorEnabled], [a].[UserName]
FROM [AspNetUsers] AS [a]
WHERE [a].[NormalizedUserName] = @__normalizedUserName_0
2025-03-02 17:13:54.753 +01:00 [INF] Executed DbCommand (1ms) [Parameters=[@__normalizedUserName_0='?' (Size = 256)], CommandType='"Text"', CommandTimeout='30']
SELECT TOP(1) [a].[Id], [a].[AccessFailedCount], [a].[ConcurrencyStamp], [a].[Email], [a].[EmailConfirmed], [a].[FullName], [a].[LockoutEnabled], [a].[LockoutEnd], [a].[LogOutTimestamp], [a].[LoginTimestamp], [a].[NormalizedEmail], [a].[NormalizedUserName], [a].[PasswordHash], [a].[PhoneNumber], [a].[PhoneNumberConfirmed], [a].[SecurityStamp], [a].[TwoFactorEnabled], [a].[UserName]
FROM [AspNetUsers] AS [a]
WHERE [a].[NormalizedUserName] = @__normalizedUserName_0
2025-03-02 17:13:54.950 +01:00 [INF] Now listening on: https://localhost:7005
2025-03-02 17:13:54.951 +01:00 [INF] Now listening on: http://localhost:5192
2025-03-02 17:13:55.004 +01:00 [INF] Application started. Press Ctrl+C to shut down.
2025-03-02 17:13:55.008 +01:00 [INF] Hosting environment: Development
2025-03-02 17:13:55.009 +01:00 [INF] Content root path: C:\Users\Dalma\Desktop\TechnicalTask-ProductManagement\TechnicalTask-ProductManagement\PM-API
2025-03-02 17:13:55.443 +01:00 [INF] Request starting HTTP/2 GET https://localhost:7005/swagger/index.html - null null
2025-03-02 17:13:55.632 +01:00 [INF] Request finished HTTP/2 GET https://localhost:7005/swagger/index.html - 200 null text/html;charset=utf-8 195.97ms
2025-03-02 17:13:55.645 +01:00 [INF] Request starting HTTP/2 GET https://localhost:7005/_framework/aspnetcore-browser-refresh.js - null null
2025-03-02 17:13:55.645 +01:00 [INF] Request starting HTTP/2 GET https://localhost:7005/_vs/browserLink - null null
2025-03-02 17:13:55.658 +01:00 [INF] Request finished HTTP/2 GET https://localhost:7005/_framework/aspnetcore-browser-refresh.js - 200 16497 application/javascript; charset=utf-8 9.9469ms
2025-03-02 17:13:55.697 +01:00 [INF] Request finished HTTP/2 GET https://localhost:7005/_vs/browserLink - 200 null text/javascript; charset=UTF-8 51.6172ms
2025-03-02 17:13:55.734 +01:00 [INF] Request starting HTTP/2 GET https://localhost:7005/swagger/v1/swagger.json - null null
2025-03-02 17:13:55.827 +01:00 [INF] Request finished HTTP/2 GET https://localhost:7005/swagger/v1/swagger.json - 200 null application/json;charset=utf-8 93.1486ms
2025-03-02 17:15:13.048 +01:00 [INF] Request starting HTTP/2 POST https://localhost:7005/api/Auth/login?username=sabah&password=Sabah%40123 - null 0
2025-03-02 17:15:13.099 +01:00 [INF] CORS policy execution failed.
2025-03-02 17:15:13.100 +01:00 [INF] Request origin https://localhost:7005 does not have permission to access the resource.
2025-03-02 17:15:13.150 +01:00 [INF] Received request: POST /api/Auth/login
2025-03-02 17:15:13.152 +01:00 [INF] Executing endpoint 'PM_API.Controllers.AuthController.Login (PM-API)'
2025-03-02 17:15:13.175 +01:00 [INF] Route matched with {action = "Login", controller = "Auth"}. Executing controller action with signature System.Threading.Tasks.Task`1[Microsoft.AspNetCore.Mvc.IActionResult] Login(System.String, System.String) on controller PM_API.Controllers.AuthController (PM-API).
2025-03-02 17:15:13.389 +01:00 [INF] Executed DbCommand (1ms) [Parameters=[@__normalizedUserName_0='?' (Size = 256)], CommandType='"Text"', CommandTimeout='30']
SELECT TOP(1) [a].[Id], [a].[AccessFailedCount], [a].[ConcurrencyStamp], [a].[Email], [a].[EmailConfirmed], [a].[FullName], [a].[LockoutEnabled], [a].[LockoutEnd], [a].[LogOutTimestamp], [a].[LoginTimestamp], [a].[NormalizedEmail], [a].[NormalizedUserName], [a].[PasswordHash], [a].[PhoneNumber], [a].[PhoneNumberConfirmed], [a].[SecurityStamp], [a].[TwoFactorEnabled], [a].[UserName]
FROM [AspNetUsers] AS [a]
WHERE [a].[NormalizedUserName] = @__normalizedUserName_0
2025-03-02 17:15:13.785 +01:00 [INF] Executed DbCommand (1ms) [Parameters=[@__normalizedUserName_0='?' (Size = 256)], CommandType='"Text"', CommandTimeout='30']
SELECT TOP(1) [a].[Id], [a].[AccessFailedCount], [a].[ConcurrencyStamp], [a].[Email], [a].[EmailConfirmed], [a].[FullName], [a].[LockoutEnabled], [a].[LockoutEnd], [a].[LogOutTimestamp], [a].[LoginTimestamp], [a].[NormalizedEmail], [a].[NormalizedUserName], [a].[PasswordHash], [a].[PhoneNumber], [a].[PhoneNumberConfirmed], [a].[SecurityStamp], [a].[TwoFactorEnabled], [a].[UserName]
FROM [AspNetUsers] AS [a]
WHERE [a].[NormalizedUserName] = @__normalizedUserName_0
2025-03-02 17:15:13.874 +01:00 [INF] Executed DbCommand (3ms) [Parameters=[@p17='?' (Size = 450), @p0='?' (DbType = Int32), @p1='?' (Size = 4000), @p18='?' (Size = 4000), @p2='?' (Size = 256), @p3='?' (DbType = Boolean), @p4='?' (Size = 4000), @p5='?' (DbType = Boolean), @p6='?' (DbType = DateTimeOffset), @p7='?' (DbType = DateTime2), @p8='?' (DbType = DateTime2), @p9='?' (Size = 256), @p10='?' (Size = 256), @p11='?' (Size = 4000), @p12='?' (Size = 4000), @p13='?' (DbType = Boolean), @p14='?' (Size = 4000), @p15='?' (DbType = Boolean), @p16='?' (Size = 256)], CommandType='"Text"', CommandTimeout='30']
SET IMPLICIT_TRANSACTIONS OFF;
SET NOCOUNT ON;
UPDATE [AspNetUsers] SET [AccessFailedCount] = @p0, [ConcurrencyStamp] = @p1, [Email] = @p2, [EmailConfirmed] = @p3, [FullName] = @p4, [LockoutEnabled] = @p5, [LockoutEnd] = @p6, [LogOutTimestamp] = @p7, [LoginTimestamp] = @p8, [NormalizedEmail] = @p9, [NormalizedUserName] = @p10, [PasswordHash] = @p11, [PhoneNumber] = @p12, [PhoneNumberConfirmed] = @p13, [SecurityStamp] = @p14, [TwoFactorEnabled] = @p15, [UserName] = @p16
OUTPUT 1
WHERE [Id] = @p17 AND [ConcurrencyStamp] = @p18;
2025-03-02 17:15:13.891 +01:00 [INF] Executed DbCommand (1ms) [Parameters=[@__normalizedUserName_0='?' (Size = 256)], CommandType='"Text"', CommandTimeout='30']
SELECT TOP(1) [a].[Id], [a].[AccessFailedCount], [a].[ConcurrencyStamp], [a].[Email], [a].[EmailConfirmed], [a].[FullName], [a].[LockoutEnabled], [a].[LockoutEnd], [a].[LogOutTimestamp], [a].[LoginTimestamp], [a].[NormalizedEmail], [a].[NormalizedUserName], [a].[PasswordHash], [a].[PhoneNumber], [a].[PhoneNumberConfirmed], [a].[SecurityStamp], [a].[TwoFactorEnabled], [a].[UserName]
FROM [AspNetUsers] AS [a]
WHERE [a].[NormalizedUserName] = @__normalizedUserName_0
2025-03-02 17:15:13.932 +01:00 [INF] Executed DbCommand (1ms) [Parameters=[@__userId_0='?' (Size = 450)], CommandType='"Text"', CommandTimeout='30']
SELECT [a0].[Name]
FROM [AspNetUserRoles] AS [a]
INNER JOIN [AspNetRoles] AS [a0] ON [a].[RoleId] = [a0].[Id]
WHERE [a].[UserId] = @__userId_0
2025-03-02 17:15:17.528 +01:00 [INF] Executing OkObjectResult, writing value of type 'PM_Application.DTOs.User.AuthResponseDTO'.
2025-03-02 17:15:17.539 +01:00 [INF] Executed action PM_API.Controllers.AuthController.Login (PM-API) in 4359.5572ms
2025-03-02 17:15:17.541 +01:00 [INF] Executed endpoint 'PM_API.Controllers.AuthController.Login (PM-API)'
2025-03-02 17:15:17.546 +01:00 [INF] Request finished HTTP/2 POST https://localhost:7005/api/Auth/login?username=sabah&password=Sabah%40123 - 200 null application/json; charset=utf-8 4498.5958ms
2025-03-02 17:15:37.516 +01:00 [INF] Request starting HTTP/2 GET https://localhost:7005/api/Auth - null null
2025-03-02 17:15:37.531 +01:00 [INF] Authorization failed. These requirements were not met:
DenyAnonymousAuthorizationRequirement: Requires an authenticated user.
2025-03-02 17:15:37.539 +01:00 [INF] AuthenticationScheme: Bearer was challenged.
2025-03-02 17:15:37.541 +01:00 [INF] Request finished HTTP/2 GET https://localhost:7005/api/Auth - 401 0 null 25.0587ms
2025-03-02 17:15:59.213 +01:00 [INF] Request starting HTTP/2 GET https://localhost:7005/api/Auth - null null
2025-03-02 17:15:59.222 +01:00 [INF] Authorization failed. These requirements were not met:
DenyAnonymousAuthorizationRequirement: Requires an authenticated user.
2025-03-02 17:15:59.224 +01:00 [INF] AuthenticationScheme: Bearer was challenged.
2025-03-02 17:15:59.225 +01:00 [INF] Request finished HTTP/2 GET https://localhost:7005/api/Auth - 401 0 null 11.6876ms
2025-03-02 17:16:00.492 +01:00 [INF] Request starting HTTP/2 GET https://localhost:7005/api/Auth - null null
2025-03-02 17:16:00.497 +01:00 [INF] Authorization failed. These requirements were not met:
DenyAnonymousAuthorizationRequirement: Requires an authenticated user.
2025-03-02 17:16:00.499 +01:00 [INF] AuthenticationScheme: Bearer was challenged.
2025-03-02 17:16:00.502 +01:00 [INF] Request finished HTTP/2 GET https://localhost:7005/api/Auth - 401 0 null 9.3028ms
2025-03-02 17:16:01.217 +01:00 [INF] Request starting HTTP/2 GET https://localhost:7005/api/Auth - null null
2025-03-02 17:16:01.220 +01:00 [INF] Authorization failed. These requirements were not met:
DenyAnonymousAuthorizationRequirement: Requires an authenticated user.
2025-03-02 17:16:01.221 +01:00 [INF] AuthenticationScheme: Bearer was challenged.
2025-03-02 17:16:01.222 +01:00 [INF] Request finished HTTP/2 GET https://localhost:7005/api/Auth - 401 0 null 5.3793ms
2025-03-02 17:16:01.369 +01:00 [INF] Request starting HTTP/2 GET https://localhost:7005/api/Auth - null null
2025-03-02 17:16:01.371 +01:00 [INF] Authorization failed. These requirements were not met:
DenyAnonymousAuthorizationRequirement: Requires an authenticated user.
2025-03-02 17:16:01.372 +01:00 [INF] AuthenticationScheme: Bearer was challenged.
2025-03-02 17:16:01.374 +01:00 [INF] Request finished HTTP/2 GET https://localhost:7005/api/Auth - 401 0 null 5.1676ms
2025-03-02 17:16:01.500 +01:00 [INF] Request starting HTTP/2 GET https://localhost:7005/api/Auth - null null
2025-03-02 17:16:01.502 +01:00 [INF] Authorization failed. These requirements were not met:
DenyAnonymousAuthorizationRequirement: Requires an authenticated user.
2025-03-02 17:16:01.503 +01:00 [INF] AuthenticationScheme: Bearer was challenged.
2025-03-02 17:16:01.505 +01:00 [INF] Request finished HTTP/2 GET https://localhost:7005/api/Auth - 401 0 null 4.309ms
2025-03-02 17:16:01.694 +01:00 [INF] Request starting HTTP/2 GET https://localhost:7005/api/Auth - null null
2025-03-02 17:16:01.697 +01:00 [INF] Authorization failed. These requirements were not met:
DenyAnonymousAuthorizationRequirement: Requires an authenticated user.
2025-03-02 17:16:01.702 +01:00 [INF] AuthenticationScheme: Bearer was challenged.
2025-03-02 17:16:01.704 +01:00 [INF] Request finished HTTP/2 GET https://localhost:7005/api/Auth - 401 0 null 9.961ms
2025-03-02 17:16:01.851 +01:00 [INF] Request starting HTTP/2 GET https://localhost:7005/api/Auth - null null
2025-03-02 17:16:01.854 +01:00 [INF] Authorization failed. These requirements were not met:
DenyAnonymousAuthorizationRequirement: Requires an authenticated user.
2025-03-02 17:16:01.855 +01:00 [INF] AuthenticationScheme: Bearer was challenged.
2025-03-02 17:16:01.856 +01:00 [INF] Request finished HTTP/2 GET https://localhost:7005/api/Auth - 401 0 null 4.8769ms
2025-03-02 17:16:02.073 +01:00 [INF] Request starting HTTP/2 GET https://localhost:7005/api/Auth - null null
2025-03-02 17:16:02.076 +01:00 [INF] Authorization failed. These requirements were not met:
DenyAnonymousAuthorizationRequirement: Requires an authenticated user.
2025-03-02 17:16:02.077 +01:00 [INF] AuthenticationScheme: Bearer was challenged.
2025-03-02 17:16:02.083 +01:00 [INF] Request finished HTTP/2 GET https://localhost:7005/api/Auth - 401 0 null 10.3786ms
2025-03-02 17:16:02.668 +01:00 [INF] Request starting HTTP/2 GET https://localhost:7005/api/Auth - null null
2025-03-02 17:16:02.670 +01:00 [INF] Authorization failed. These requirements were not met:
DenyAnonymousAuthorizationRequirement: Requires an authenticated user.
2025-03-02 17:16:02.671 +01:00 [INF] AuthenticationScheme: Bearer was challenged.
2025-03-02 17:16:02.672 +01:00 [INF] Request finished HTTP/2 GET https://localhost:7005/api/Auth - 401 0 null 4.7358ms
2025-03-02 23:47:55.454 +01:00 [INF] User profile is available. Using 'C:\Users\Dalma\AppData\Local\ASP.NET\DataProtection-Keys' as key repository and Windows DPAPI to encrypt keys at rest.
2025-03-02 23:47:57.693 +01:00 [INF] Executed DbCommand (57ms) [Parameters=[@__normalizedName_0='?' (Size = 256)], CommandType='"Text"', CommandTimeout='30']
SELECT TOP(1) [a].[Id], [a].[ConcurrencyStamp], [a].[Name], [a].[NormalizedName]
FROM [AspNetRoles] AS [a]
WHERE [a].[NormalizedName] = @__normalizedName_0
2025-03-02 23:47:57.789 +01:00 [INF] Executed DbCommand (4ms) [Parameters=[@__normalizedName_0='?' (Size = 256)], CommandType='"Text"', CommandTimeout='30']
SELECT TOP(1) [a].[Id], [a].[ConcurrencyStamp], [a].[Name], [a].[NormalizedName]
FROM [AspNetRoles] AS [a]
WHERE [a].[NormalizedName] = @__normalizedName_0
2025-03-02 23:47:57.810 +01:00 [INF] Executed DbCommand (4ms) [Parameters=[@__normalizedUserName_0='?' (Size = 256)], CommandType='"Text"', CommandTimeout='30']
SELECT TOP(1) [a].[Id], [a].[AccessFailedCount], [a].[ConcurrencyStamp], [a].[Email], [a].[EmailConfirmed], [a].[FullName], [a].[LockoutEnabled], [a].[LockoutEnd], [a].[LogOutTimestamp], [a].[LoginTimestamp], [a].[NormalizedEmail], [a].[NormalizedUserName], [a].[PasswordHash], [a].[PhoneNumber], [a].[PhoneNumberConfirmed], [a].[SecurityStamp], [a].[TwoFactorEnabled], [a].[UserName]
FROM [AspNetUsers] AS [a]
WHERE [a].[NormalizedUserName] = @__normalizedUserName_0
2025-03-02 23:47:57.878 +01:00 [INF] Executed DbCommand (5ms) [Parameters=[@__normalizedUserName_0='?' (Size = 256)], CommandType='"Text"', CommandTimeout='30']
SELECT TOP(1) [a].[Id], [a].[AccessFailedCount], [a].[ConcurrencyStamp], [a].[Email], [a].[EmailConfirmed], [a].[FullName], [a].[LockoutEnabled], [a].[LockoutEnd], [a].[LogOutTimestamp], [a].[LoginTimestamp], [a].[NormalizedEmail], [a].[NormalizedUserName], [a].[PasswordHash], [a].[PhoneNumber], [a].[PhoneNumberConfirmed], [a].[SecurityStamp], [a].[TwoFactorEnabled], [a].[UserName]
FROM [AspNetUsers] AS [a]
WHERE [a].[NormalizedUserName] = @__normalizedUserName_0
2025-03-02 23:47:58.272 +01:00 [INF] Now listening on: https://localhost:7005
2025-03-02 23:47:58.273 +01:00 [INF] Now listening on: http://localhost:5192
2025-03-02 23:47:58.365 +01:00 [INF] Application started. Press Ctrl+C to shut down.
2025-03-02 23:47:58.367 +01:00 [INF] Hosting environment: Development
2025-03-02 23:47:58.368 +01:00 [INF] Content root path: C:\Users\Dalma\Desktop\TechnicalTask-ProductManagement\TechnicalTask-ProductManagement\PM-API
2025-03-02 23:47:59.456 +01:00 [INF] Request starting HTTP/2 GET https://localhost:7005/swagger - null null
2025-03-02 23:47:59.763 +01:00 [INF] Request finished HTTP/2 GET https://localhost:7005/swagger - 301 0 null 315.862ms
2025-03-02 23:47:59.779 +01:00 [INF] Request starting HTTP/2 GET https://localhost:7005/swagger/index.html - null null
2025-03-02 23:47:59.920 +01:00 [INF] Request finished HTTP/2 GET https://localhost:7005/swagger/index.html - 200 null text/html;charset=utf-8 141.2698ms
2025-03-02 23:47:59.930 +01:00 [INF] Request starting HTTP/2 GET https://localhost:7005/swagger/swagger-ui.css - null null
2025-03-02 23:47:59.930 +01:00 [INF] Request starting HTTP/2 GET https://localhost:7005/swagger/swagger-ui-bundle.js - null null
2025-03-02 23:47:59.930 +01:00 [INF] Request starting HTTP/2 GET https://localhost:7005/swagger/swagger-ui-standalone-preset.js - null null
2025-03-02 23:48:00.199 +01:00 [INF] Sending file. Request path: '/swagger-ui.css'. Physical path: 'N/A'
2025-03-02 23:48:00.068 +01:00 [INF] Request starting HTTP/2 GET https://localhost:7005/_vs/browserLink - null null
2025-03-02 23:48:00.331 +01:00 [INF] Request finished HTTP/2 GET https://localhost:7005/swagger/swagger-ui.css - 200 152034 text/css 409.8501ms
2025-03-02 23:48:00.366 +01:00 [INF] Sending file. Request path: '/swagger-ui-bundle.js'. Physical path: 'N/A'
2025-03-02 23:48:00.369 +01:00 [INF] Sending file. Request path: '/swagger-ui-standalone-preset.js'. Physical path: 'N/A'
2025-03-02 23:48:00.068 +01:00 [INF] Request starting HTTP/2 GET https://localhost:7005/_framework/aspnetcore-browser-refresh.js - null null
2025-03-02 23:48:00.471 +01:00 [INF] Request finished HTTP/2 GET https://localhost:7005/swagger/swagger-ui-bundle.js - 200 1456926 text/javascript 540.9601ms
2025-03-02 23:48:00.487 +01:00 [INF] Request finished HTTP/2 GET https://localhost:7005/swagger/swagger-ui-standalone-preset.js - 200 230280 text/javascript 556.4575ms
2025-03-02 23:48:00.614 +01:00 [INF] Request finished HTTP/2 GET https://localhost:7005/_framework/aspnetcore-browser-refresh.js - 200 16497 application/javascript; charset=utf-8 546.1282ms
2025-03-02 23:48:00.671 +01:00 [INF] Request finished HTTP/2 GET https://localhost:7005/_vs/browserLink - 200 null text/javascript; charset=UTF-8 602.6683ms
2025-03-02 23:48:01.922 +01:00 [INF] Request starting HTTP/2 GET https://localhost:7005/swagger/v1/swagger.json - null null
2025-03-02 23:48:01.925 +01:00 [INF] Request starting HTTP/2 GET https://localhost:7005/swagger/favicon-32x32.png - null null
2025-03-02 23:48:01.934 +01:00 [INF] Sending file. Request path: '/favicon-32x32.png'. Physical path: 'N/A'
2025-03-02 23:48:01.936 +01:00 [INF] Request finished HTTP/2 GET https://localhost:7005/swagger/favicon-32x32.png - 200 628 image/png 10.5989ms
2025-03-02 23:48:01.953 +01:00 [INF] Request finished HTTP/2 GET https://localhost:7005/swagger/v1/swagger.json - 200 null application/json;charset=utf-8 32.0073ms
2025-03-02 23:48:21.564 +01:00 [INF] User profile is available. Using 'C:\Users\Dalma\AppData\Local\ASP.NET\DataProtection-Keys' as key repository and Windows DPAPI to encrypt keys at rest.
2025-03-02 23:48:22.586 +01:00 [INF] Executed DbCommand (31ms) [Parameters=[@__normalizedName_0='?' (Size = 256)], CommandType='"Text"', CommandTimeout='30']
SELECT TOP(1) [a].[Id], [a].[ConcurrencyStamp], [a].[Name], [a].[NormalizedName]
FROM [AspNetRoles] AS [a]
WHERE [a].[NormalizedName] = @__normalizedName_0
2025-03-02 23:48:22.653 +01:00 [INF] Executed DbCommand (1ms) [Parameters=[@__normalizedName_0='?' (Size = 256)], CommandType='"Text"', CommandTimeout='30']
SELECT TOP(1) [a].[Id], [a].[ConcurrencyStamp], [a].[Name], [a].[NormalizedName]
FROM [AspNetRoles] AS [a]
WHERE [a].[NormalizedName] = @__normalizedName_0
2025-03-02 23:48:22.668 +01:00 [INF] Executed DbCommand (3ms) [Parameters=[@__normalizedUserName_0='?' (Size = 256)], CommandType='"Text"', CommandTimeout='30']
SELECT TOP(1) [a].[Id], [a].[AccessFailedCount], [a].[ConcurrencyStamp], [a].[Email], [a].[EmailConfirmed], [a].[FullName], [a].[LockoutEnabled], [a].[LockoutEnd], [a].[LogOutTimestamp], [a].[LoginTimestamp], [a].[NormalizedEmail], [a].[NormalizedUserName], [a].[PasswordHash], [a].[PhoneNumber], [a].[PhoneNumberConfirmed], [a].[SecurityStamp], [a].[TwoFactorEnabled], [a].[UserName]
FROM [AspNetUsers] AS [a]
WHERE [a].[NormalizedUserName] = @__normalizedUserName_0
2025-03-02 23:48:22.718 +01:00 [INF] Executed DbCommand (2ms) [Parameters=[@__normalizedUserName_0='?' (Size = 256)], CommandType='"Text"', CommandTimeout='30']
SELECT TOP(1) [a].[Id], [a].[AccessFailedCount], [a].[ConcurrencyStamp], [a].[Email], [a].[EmailConfirmed], [a].[FullName], [a].[LockoutEnabled], [a].[LockoutEnd], [a].[LogOutTimestamp], [a].[LoginTimestamp], [a].[NormalizedEmail], [a].[NormalizedUserName], [a].[PasswordHash], [a].[PhoneNumber], [a].[PhoneNumberConfirmed], [a].[SecurityStamp], [a].[TwoFactorEnabled], [a].[UserName]
FROM [AspNetUsers] AS [a]
WHERE [a].[NormalizedUserName] = @__normalizedUserName_0
2025-03-02 23:48:22.863 +01:00 [INF] Now listening on: https://localhost:7005
2025-03-02 23:48:22.874 +01:00 [INF] Now listening on: http://localhost:5192
2025-03-02 23:48:22.929 +01:00 [INF] Application started. Press Ctrl+C to shut down.
2025-03-02 23:48:22.930 +01:00 [INF] Hosting environment: Development
2025-03-02 23:48:22.930 +01:00 [INF] Content root path: C:\Users\Dalma\Desktop\TechnicalTask-ProductManagement\TechnicalTask-ProductManagement\PM-API
2025-03-02 23:48:23.474 +01:00 [INF] Request starting HTTP/2 GET https://localhost:7005/swagger/index.html - null null
2025-03-02 23:48:23.685 +01:00 [INF] Request finished HTTP/2 GET https://localhost:7005/swagger/index.html - 200 null text/html;charset=utf-8 215.4375ms
2025-03-02 23:48:23.698 +01:00 [INF] Request starting HTTP/2 GET https://localhost:7005/_framework/aspnetcore-browser-refresh.js - null null
2025-03-02 23:48:23.757 +01:00 [INF] Request finished HTTP/2 GET https://localhost:7005/_framework/aspnetcore-browser-refresh.js - 200 16497 application/javascript; charset=utf-8 59.3017ms
2025-03-02 23:48:23.833 +01:00 [INF] Request starting HTTP/2 GET https://localhost:7005/_vs/browserLink - null null
2025-03-02 23:48:23.879 +01:00 [INF] Request finished HTTP/2 GET https://localhost:7005/_vs/browserLink - 200 null text/javascript; charset=UTF-8 45.9661ms
2025-03-02 23:48:25.044 +01:00 [INF] Request starting HTTP/2 GET https://localhost:7005/swagger/v1/swagger.json - null null
2025-03-02 23:48:25.081 +01:00 [INF] Request finished HTTP/2 GET https://localhost:7005/swagger/v1/swagger.json - 200 null application/json;charset=utf-8 37.087ms
2025-03-02 23:48:33.449 +01:00 [INF] Request starting HTTP/2 GET https://localhost:7005/api/Auth - null null
2025-03-02 23:48:33.508 +01:00 [INF] Authorization failed. These requirements were not met:
DenyAnonymousAuthorizationRequirement: Requires an authenticated user.
2025-03-02 23:48:33.513 +01:00 [INF] AuthenticationScheme: Bearer was challenged.
2025-03-02 23:48:33.514 +01:00 [INF] Request finished HTTP/2 GET https://localhost:7005/api/Auth - 401 0 null 65.182ms
